#-----------------------------------------------------------
# Vivado v2018.2 (64-bit)
# SW Build 2258646 on Thu Jun 14 20:03:12 MDT 2018
# IP Build 2256618 on Thu Jun 14 22:10:49 MDT 2018
# Start of session at: Mon Sep 24 19:13:44 2018
# Process ID: 2748
# Current directory: C:/Users/runne/Desktop/Soc_FPGA/Memory_Display
# Command line: vivado.exe -gui_launcher_event rodinguilauncherevent2884 C:\Users\runne\Desktop\Soc_FPGA\Memory_Display\Memory_Display.xpr
# Log file: C:/Users/runne/Desktop/Soc_FPGA/Memory_Display/vivado.log
# Journal file: C:/Users/runne/Desktop/Soc_FPGA/Memory_Display\vivado.jou
#-----------------------------------------------------------
start_gui
open_project C:/Users/runne/Desktop/Soc_FPGA/Memory_Display/Memory_Display.xpr
INFO: [Project 1-313] Project file moved from 'C:/Users/jbu021/Soc_FPGA/Memory_Display' since last save.
Scanning sources...
Finished scanning sources
INFO: [IP_Flow 19-234] Refreshing IP repositories
INFO: [IP_Flow 19-1704] No user IP repositories specified
INFO: [IP_Flow 19-2313] Loaded Vivado IP repository 'D:/Vivado/2018.2/data/ip'.
open_project: Time (s): cpu = 00:00:16 ; elapsed = 00:00:24 . Memory (MB): peak = 750.000 ; gain = 73.188
update_compile_order -fileset sources_1
exit
INFO: [Common 17-206] Exiting Vivado at Mon Sep 24 20:38:34 2018...
