19:01:08 INFO  : Launching XSCT server: xsct.bat -interactive C:\Users\runne\Desktop\Soc_FPGA\Bui_Final_Project\temp_xsdb_launch_script.tcl
19:01:14 INFO  : XSCT server has started successfully.
19:01:14 INFO  : Successfully done setting XSCT server connection channel  
19:01:26 INFO  : Successfully done setting SDK workspace  
19:01:30 INFO  : Registering command handlers for SDK TCF services
19:02:37 INFO  : Launching XSCT server: xsct.bat -interactive C:\Users\runne\Desktop\Soc_FPGA\Bui_Final_Project\temp_xsdb_launch_script.tcl
19:02:41 INFO  : XSCT server has started successfully.
19:02:41 INFO  : Successfully done setting XSCT server connection channel  
19:02:41 INFO  : Successfully done setting SDK workspace  
19:02:42 INFO  : Registering command handlers for SDK TCF services
19:05:34 INFO  : Project 'Final' created. You can now create BSPs and application projects targeting this hardware platform.
19:09:46 INFO  : Connected to target on host '127.0.0.1' and port '3121'.
19:10:20 INFO  : Connected to target on host '127.0.0.1' and port '3121'.
19:10:20 INFO  : 'targets -set -filter {jtag_cable_name =~ "Digilent Nexys4DDR 210292A8B69FA" && level==0} -index 0' command is executed.
19:10:20 ERROR : couldn't open "C:/Users/runne/Desktop/Soc_FPGA/Bui_Final_Project/Final/download.bit": no such file or directory
19:12:45 INFO  : Inferring section assignments and sizes from elf file: C:\Users\runne\Desktop\Soc_FPGA\Bui_Final_Project\final_cpp\Debug\final_cpp.elf
19:13:01 INFO  : Successfully generated C:\Users\runne\Desktop\Soc_FPGA\Bui_Final_Project\final_cpp\src\lscript.ld.
19:13:01 INFO  : Applying linker script to all configurations of project final_cpp.
19:13:01 INFO  : Setting rebuild state to true for all configurations of project final_cpp.
19:14:28 INFO  : Connected to target on host '127.0.0.1' and port '3121'.
19:14:28 INFO  : 'targets -set -filter {jtag_cable_name =~ "Digilent Nexys4DDR 210292A8B69FA" && level==0} -index 0' command is executed.
19:14:28 ERROR : couldn't open "C:/Users/runne/Desktop/Soc_FPGA/Bui_Final_Project/Final/download.bit": no such file or directory
19:26:40 INFO  : Launching XSCT server: xsct.bat -interactive C:\Users\runne\Desktop\Soc_FPGA\Bui_Final_Project\temp_xsdb_launch_script.tcl
19:26:43 INFO  : XSCT server has started successfully.
19:26:44 INFO  : Successfully done setting XSCT server connection channel  
19:26:44 INFO  : Successfully done setting SDK workspace  
19:26:46 INFO  : Registering command handlers for SDK TCF services
19:29:07 INFO  : Connected to target on host '127.0.0.1' and port '3121'.
19:29:09 INFO  : 'targets -set -filter {jtag_cable_name =~ "Digilent Nexys4DDR 210292A8B69FA" && level==0} -index 0' command is executed.
19:29:09 ERROR : couldn't open "C:/Users/runne/Desktop/Soc_FPGA/Bui_Final_Project/Final/download.bit": no such file or directory
19:32:05 INFO  : Connected to target on host '127.0.0.1' and port '3121'.
19:32:13 INFO  : Connected to target on host '127.0.0.1' and port '3121'.
19:33:09 INFO  : Connected to target on host '127.0.0.1' and port '3121'.
19:33:09 INFO  : 'targets -set -filter {jtag_cable_name =~ "Digilent Nexys4DDR 210292A8B69FA" && level==0} -index 0' command is executed.
19:33:09 ERROR : couldn't open "C:/Users/runne/Desktop/Soc_FPGA/Bui_Final_Project/Final/download.bit": no such file or directory
13:14:09 INFO  : Launching XSCT server: xsct.bat -interactive C:\Users\runne\Desktop\Soc_FPGA\Bui_Final_Project\temp_xsdb_launch_script.tcl
13:14:09 INFO  : Registering command handlers for SDK TCF services
13:14:15 INFO  : XSCT server has started successfully.
13:14:16 INFO  : Successfully done setting XSCT server connection channel  
13:14:16 INFO  : Successfully done setting SDK workspace  
13:34:35 INFO  : Project 'test' created. You can now create BSPs and application projects targeting this hardware platform.
13:41:01 INFO  : Connected to target on host '127.0.0.1' and port '3121'.
13:41:03 INFO  : 'targets -set -filter {jtag_cable_name =~ "Digilent Nexys4DDR 210292A8B69FA" && level==0} -index 0' command is executed.
13:41:03 ERROR : couldn't open "C:/Users/runne/Desktop/Soc_FPGA/Bui_Final_Project/test/download.bit": no such file or directory
13:52:39 INFO  : Project 'test' created. You can now create BSPs and application projects targeting this hardware platform.
13:57:29 INFO  : Connected to target on host '127.0.0.1' and port '3121'.
13:57:29 INFO  : 'targets -set -filter {jtag_cable_name =~ "Digilent Nexys4DDR 210292A8B69FA" && level==0} -index 0' command is executed.
13:57:29 ERROR : couldn't open "C:/Users/runne/Desktop/Soc_FPGA/Bui_Final_Project/test/download.bit": no such file or directory
14:03:38 INFO  : Connected to target on host '127.0.0.1' and port '3121'.
14:03:38 INFO  : 'targets -set -filter {jtag_cable_name =~ "Digilent Nexys4DDR 210292A8B69FA" && level==0} -index 0' command is executed.
14:03:38 ERROR : couldn't open "C:/Users/runne/Desktop/Soc_FPGA/Bui_Final_Project/test/download.bit": no such file or directory
