
*** Running vivado
    with args -log mcs_top_vanilla.vdi -applog -m64 -product Vivado -messageDb vivado.pb -mode batch -source mcs_top_vanilla.tcl -notrace


****** Vivado v2018.2.2 (64-bit)
  **** SW Build 2348494 on Mon Oct  1 18:25:44 MDT 2018
  **** IP Build 2318053 on Mon Oct  1 21:44:26 MDT 2018
    ** Copyright 1986-2018 Xilinx, Inc. All Rights Reserved.

source mcs_top_vanilla.tcl -notrace
Command: link_design -top mcs_top_vanilla -part xc7a100tcsg324-1
Design is defaulting to srcset: sources_1
Design is defaulting to constrset: constrs_1
INFO: [Project 1-454] Reading design checkpoint 'c:/Users/runne/Desktop/Soc_FPGA/Bui_Final_Project/Bui_Final/Bui_Final.srcs/sources_1/ip/cpu/cpu.dcp' for cell 'cpu_unit'
INFO: [Netlist 29-17] Analyzing 307 Unisim elements for replacement
INFO: [Netlist 29-28] Unisim Transformation completed in 0 CPU seconds
INFO: [Project 1-479] Netlist was created with Vivado 2018.2
INFO: [Device 21-403] Loading part xc7a100tcsg324-1
INFO: [Project 1-570] Preparing netlist for logic optimization
Parsing XDC File [c:/Users/runne/Desktop/Soc_FPGA/Bui_Final_Project/Bui_Final/Bui_Final.srcs/sources_1/ip/cpu/bd_0/ip/ip_0/bd_3914_microblaze_I_0.xdc] for cell 'cpu_unit/U0/microblaze_I/U0'
Finished Parsing XDC File [c:/Users/runne/Desktop/Soc_FPGA/Bui_Final_Project/Bui_Final/Bui_Final.srcs/sources_1/ip/cpu/bd_0/ip/ip_0/bd_3914_microblaze_I_0.xdc] for cell 'cpu_unit/U0/microblaze_I/U0'
Parsing XDC File [c:/Users/runne/Desktop/Soc_FPGA/Bui_Final_Project/Bui_Final/Bui_Final.srcs/sources_1/ip/cpu/bd_0/ip/ip_1/bd_3914_rst_0_0_board.xdc] for cell 'cpu_unit/U0/rst_0/U0'
Finished Parsing XDC File [c:/Users/runne/Desktop/Soc_FPGA/Bui_Final_Project/Bui_Final/Bui_Final.srcs/sources_1/ip/cpu/bd_0/ip/ip_1/bd_3914_rst_0_0_board.xdc] for cell 'cpu_unit/U0/rst_0/U0'
Parsing XDC File [c:/Users/runne/Desktop/Soc_FPGA/Bui_Final_Project/Bui_Final/Bui_Final.srcs/sources_1/ip/cpu/bd_0/ip/ip_1/bd_3914_rst_0_0.xdc] for cell 'cpu_unit/U0/rst_0/U0'
Finished Parsing XDC File [c:/Users/runne/Desktop/Soc_FPGA/Bui_Final_Project/Bui_Final/Bui_Final.srcs/sources_1/ip/cpu/bd_0/ip/ip_1/bd_3914_rst_0_0.xdc] for cell 'cpu_unit/U0/rst_0/U0'
Parsing XDC File [c:/Users/runne/Desktop/Soc_FPGA/Bui_Final_Project/Bui_Final/Bui_Final.srcs/sources_1/ip/cpu/bd_0/ip/ip_2/bd_3914_ilmb_0.xdc] for cell 'cpu_unit/U0/ilmb/U0'
Finished Parsing XDC File [c:/Users/runne/Desktop/Soc_FPGA/Bui_Final_Project/Bui_Final/Bui_Final.srcs/sources_1/ip/cpu/bd_0/ip/ip_2/bd_3914_ilmb_0.xdc] for cell 'cpu_unit/U0/ilmb/U0'
Parsing XDC File [c:/Users/runne/Desktop/Soc_FPGA/Bui_Final_Project/Bui_Final/Bui_Final.srcs/sources_1/ip/cpu/bd_0/ip/ip_3/bd_3914_dlmb_0.xdc] for cell 'cpu_unit/U0/dlmb/U0'
Finished Parsing XDC File [c:/Users/runne/Desktop/Soc_FPGA/Bui_Final_Project/Bui_Final/Bui_Final.srcs/sources_1/ip/cpu/bd_0/ip/ip_3/bd_3914_dlmb_0.xdc] for cell 'cpu_unit/U0/dlmb/U0'
Parsing XDC File [c:/Users/runne/Desktop/Soc_FPGA/Bui_Final_Project/Bui_Final/Bui_Final.srcs/sources_1/ip/cpu/bd_0/ip/ip_7/bd_3914_iomodule_0_0_board.xdc] for cell 'cpu_unit/U0/iomodule_0/U0'
Finished Parsing XDC File [c:/Users/runne/Desktop/Soc_FPGA/Bui_Final_Project/Bui_Final/Bui_Final.srcs/sources_1/ip/cpu/bd_0/ip/ip_7/bd_3914_iomodule_0_0_board.xdc] for cell 'cpu_unit/U0/iomodule_0/U0'
Parsing XDC File [c:/Users/runne/Desktop/Soc_FPGA/Bui_Final_Project/Bui_Final/Bui_Final.srcs/sources_1/ip/cpu/cpu_board.xdc] for cell 'cpu_unit/U0'
Finished Parsing XDC File [c:/Users/runne/Desktop/Soc_FPGA/Bui_Final_Project/Bui_Final/Bui_Final.srcs/sources_1/ip/cpu/cpu_board.xdc] for cell 'cpu_unit/U0'
Parsing XDC File [C:/Users/runne/Desktop/Soc_FPGA/Bui_Final_Project/Bui_Final/Bui_Final.srcs/constrs_1/imports/constraint/Nexys4_DDR_chu.xdc]
WARNING: [Vivado 12-584] No ports matched 'btn[4]'. [C:/Users/runne/Desktop/Soc_FPGA/Bui_Final_Project/Bui_Final/Bui_Final.srcs/constrs_1/imports/constraint/Nexys4_DDR_chu.xdc:47]
CRITICAL WARNING: [Common 17-55] 'set_property' expects at least one object. [C:/Users/runne/Desktop/Soc_FPGA/Bui_Final_Project/Bui_Final/Bui_Final.srcs/constrs_1/imports/constraint/Nexys4_DDR_chu.xdc:47]
Resolution: If [get_<value>] was used to populate the object, check to make sure this command returns at least one valid object.
WARNING: [Vivado 12-584] No ports matched 'btn[0]'. [C:/Users/runne/Desktop/Soc_FPGA/Bui_Final_Project/Bui_Final/Bui_Final.srcs/constrs_1/imports/constraint/Nexys4_DDR_chu.xdc:48]
CRITICAL WARNING: [Common 17-55] 'set_property' expects at least one object. [C:/Users/runne/Desktop/Soc_FPGA/Bui_Final_Project/Bui_Final/Bui_Final.srcs/constrs_1/imports/constraint/Nexys4_DDR_chu.xdc:48]
Resolution: If [get_<value>] was used to populate the object, check to make sure this command returns at least one valid object.
WARNING: [Vivado 12-584] No ports matched 'btn[3]'. [C:/Users/runne/Desktop/Soc_FPGA/Bui_Final_Project/Bui_Final/Bui_Final.srcs/constrs_1/imports/constraint/Nexys4_DDR_chu.xdc:49]
CRITICAL WARNING: [Common 17-55] 'set_property' expects at least one object. [C:/Users/runne/Desktop/Soc_FPGA/Bui_Final_Project/Bui_Final/Bui_Final.srcs/constrs_1/imports/constraint/Nexys4_DDR_chu.xdc:49]
Resolution: If [get_<value>] was used to populate the object, check to make sure this command returns at least one valid object.
WARNING: [Vivado 12-584] No ports matched 'btn[1]'. [C:/Users/runne/Desktop/Soc_FPGA/Bui_Final_Project/Bui_Final/Bui_Final.srcs/constrs_1/imports/constraint/Nexys4_DDR_chu.xdc:50]
CRITICAL WARNING: [Common 17-55] 'set_property' expects at least one object. [C:/Users/runne/Desktop/Soc_FPGA/Bui_Final_Project/Bui_Final/Bui_Final.srcs/constrs_1/imports/constraint/Nexys4_DDR_chu.xdc:50]
Resolution: If [get_<value>] was used to populate the object, check to make sure this command returns at least one valid object.
WARNING: [Vivado 12-584] No ports matched 'btn[2]'. [C:/Users/runne/Desktop/Soc_FPGA/Bui_Final_Project/Bui_Final/Bui_Final.srcs/constrs_1/imports/constraint/Nexys4_DDR_chu.xdc:51]
CRITICAL WARNING: [Common 17-55] 'set_property' expects at least one object. [C:/Users/runne/Desktop/Soc_FPGA/Bui_Final_Project/Bui_Final/Bui_Final.srcs/constrs_1/imports/constraint/Nexys4_DDR_chu.xdc:51]
Resolution: If [get_<value>] was used to populate the object, check to make sure this command returns at least one valid object.
WARNING: [Vivado 12-584] No ports matched 'rgb_led1[0]'. [C:/Users/runne/Desktop/Soc_FPGA/Bui_Final_Project/Bui_Final/Bui_Final.srcs/constrs_1/imports/constraint/Nexys4_DDR_chu.xdc:76]
CRITICAL WARNING: [Common 17-55] 'set_property' expects at least one object. [C:/Users/runne/Desktop/Soc_FPGA/Bui_Final_Project/Bui_Final/Bui_Final.srcs/constrs_1/imports/constraint/Nexys4_DDR_chu.xdc:76]
Resolution: If [get_<value>] was used to populate the object, check to make sure this command returns at least one valid object.
WARNING: [Vivado 12-584] No ports matched 'rgb_led1[1]'. [C:/Users/runne/Desktop/Soc_FPGA/Bui_Final_Project/Bui_Final/Bui_Final.srcs/constrs_1/imports/constraint/Nexys4_DDR_chu.xdc:77]
CRITICAL WARNING: [Common 17-55] 'set_property' expects at least one object. [C:/Users/runne/Desktop/Soc_FPGA/Bui_Final_Project/Bui_Final/Bui_Final.srcs/constrs_1/imports/constraint/Nexys4_DDR_chu.xdc:77]
Resolution: If [get_<value>] was used to populate the object, check to make sure this command returns at least one valid object.
WARNING: [Vivado 12-584] No ports matched 'rgb_led1[2]'. [C:/Users/runne/Desktop/Soc_FPGA/Bui_Final_Project/Bui_Final/Bui_Final.srcs/constrs_1/imports/constraint/Nexys4_DDR_chu.xdc:78]
CRITICAL WARNING: [Common 17-55] 'set_property' expects at least one object. [C:/Users/runne/Desktop/Soc_FPGA/Bui_Final_Project/Bui_Final/Bui_Final.srcs/constrs_1/imports/constraint/Nexys4_DDR_chu.xdc:78]
Resolution: If [get_<value>] was used to populate the object, check to make sure this command returns at least one valid object.
WARNING: [Vivado 12-584] No ports matched 'rgb_led2[0]'. [C:/Users/runne/Desktop/Soc_FPGA/Bui_Final_Project/Bui_Final/Bui_Final.srcs/constrs_1/imports/constraint/Nexys4_DDR_chu.xdc:79]
CRITICAL WARNING: [Common 17-55] 'set_property' expects at least one object. [C:/Users/runne/Desktop/Soc_FPGA/Bui_Final_Project/Bui_Final/Bui_Final.srcs/constrs_1/imports/constraint/Nexys4_DDR_chu.xdc:79]
Resolution: If [get_<value>] was used to populate the object, check to make sure this command returns at least one valid object.
WARNING: [Vivado 12-584] No ports matched 'rgb_led2[1]'. [C:/Users/runne/Desktop/Soc_FPGA/Bui_Final_Project/Bui_Final/Bui_Final.srcs/constrs_1/imports/constraint/Nexys4_DDR_chu.xdc:80]
CRITICAL WARNING: [Common 17-55] 'set_property' expects at least one object. [C:/Users/runne/Desktop/Soc_FPGA/Bui_Final_Project/Bui_Final/Bui_Final.srcs/constrs_1/imports/constraint/Nexys4_DDR_chu.xdc:80]
Resolution: If [get_<value>] was used to populate the object, check to make sure this command returns at least one valid object.
WARNING: [Vivado 12-584] No ports matched 'rgb_led2[2]'. [C:/Users/runne/Desktop/Soc_FPGA/Bui_Final_Project/Bui_Final/Bui_Final.srcs/constrs_1/imports/constraint/Nexys4_DDR_chu.xdc:81]
CRITICAL WARNING: [Common 17-55] 'set_property' expects at least one object. [C:/Users/runne/Desktop/Soc_FPGA/Bui_Final_Project/Bui_Final/Bui_Final.srcs/constrs_1/imports/constraint/Nexys4_DDR_chu.xdc:81]
Resolution: If [get_<value>] was used to populate the object, check to make sure this command returns at least one valid object.
WARNING: [Vivado 12-584] No ports matched 'sseg[0]'. [C:/Users/runne/Desktop/Soc_FPGA/Bui_Final_Project/Bui_Final/Bui_Final.srcs/constrs_1/imports/constraint/Nexys4_DDR_chu.xdc:86]
CRITICAL WARNING: [Common 17-55] 'set_property' expects at least one object. [C:/Users/runne/Desktop/Soc_FPGA/Bui_Final_Project/Bui_Final/Bui_Final.srcs/constrs_1/imports/constraint/Nexys4_DDR_chu.xdc:86]
Resolution: If [get_<value>] was used to populate the object, check to make sure this command returns at least one valid object.
WARNING: [Vivado 12-584] No ports matched 'sseg[1]'. [C:/Users/runne/Desktop/Soc_FPGA/Bui_Final_Project/Bui_Final/Bui_Final.srcs/constrs_1/imports/constraint/Nexys4_DDR_chu.xdc:87]
CRITICAL WARNING: [Common 17-55] 'set_property' expects at least one object. [C:/Users/runne/Desktop/Soc_FPGA/Bui_Final_Project/Bui_Final/Bui_Final.srcs/constrs_1/imports/constraint/Nexys4_DDR_chu.xdc:87]
Resolution: If [get_<value>] was used to populate the object, check to make sure this command returns at least one valid object.
WARNING: [Vivado 12-584] No ports matched 'sseg[2]'. [C:/Users/runne/Desktop/Soc_FPGA/Bui_Final_Project/Bui_Final/Bui_Final.srcs/constrs_1/imports/constraint/Nexys4_DDR_chu.xdc:88]
CRITICAL WARNING: [Common 17-55] 'set_property' expects at least one object. [C:/Users/runne/Desktop/Soc_FPGA/Bui_Final_Project/Bui_Final/Bui_Final.srcs/constrs_1/imports/constraint/Nexys4_DDR_chu.xdc:88]
Resolution: If [get_<value>] was used to populate the object, check to make sure this command returns at least one valid object.
WARNING: [Vivado 12-584] No ports matched 'sseg[3]'. [C:/Users/runne/Desktop/Soc_FPGA/Bui_Final_Project/Bui_Final/Bui_Final.srcs/constrs_1/imports/constraint/Nexys4_DDR_chu.xdc:89]
CRITICAL WARNING: [Common 17-55] 'set_property' expects at least one object. [C:/Users/runne/Desktop/Soc_FPGA/Bui_Final_Project/Bui_Final/Bui_Final.srcs/constrs_1/imports/constraint/Nexys4_DDR_chu.xdc:89]
Resolution: If [get_<value>] was used to populate the object, check to make sure this command returns at least one valid object.
WARNING: [Vivado 12-584] No ports matched 'sseg[4]'. [C:/Users/runne/Desktop/Soc_FPGA/Bui_Final_Project/Bui_Final/Bui_Final.srcs/constrs_1/imports/constraint/Nexys4_DDR_chu.xdc:90]
CRITICAL WARNING: [Common 17-55] 'set_property' expects at least one object. [C:/Users/runne/Desktop/Soc_FPGA/Bui_Final_Project/Bui_Final/Bui_Final.srcs/constrs_1/imports/constraint/Nexys4_DDR_chu.xdc:90]
Resolution: If [get_<value>] was used to populate the object, check to make sure this command returns at least one valid object.
WARNING: [Vivado 12-584] No ports matched 'sseg[5]'. [C:/Users/runne/Desktop/Soc_FPGA/Bui_Final_Project/Bui_Final/Bui_Final.srcs/constrs_1/imports/constraint/Nexys4_DDR_chu.xdc:91]
CRITICAL WARNING: [Common 17-55] 'set_property' expects at least one object. [C:/Users/runne/Desktop/Soc_FPGA/Bui_Final_Project/Bui_Final/Bui_Final.srcs/constrs_1/imports/constraint/Nexys4_DDR_chu.xdc:91]
Resolution: If [get_<value>] was used to populate the object, check to make sure this command returns at least one valid object.
WARNING: [Vivado 12-584] No ports matched 'sseg[6]'. [C:/Users/runne/Desktop/Soc_FPGA/Bui_Final_Project/Bui_Final/Bui_Final.srcs/constrs_1/imports/constraint/Nexys4_DDR_chu.xdc:92]
CRITICAL WARNING: [Common 17-55] 'set_property' expects at least one object. [C:/Users/runne/Desktop/Soc_FPGA/Bui_Final_Project/Bui_Final/Bui_Final.srcs/constrs_1/imports/constraint/Nexys4_DDR_chu.xdc:92]
Resolution: If [get_<value>] was used to populate the object, check to make sure this command returns at least one valid object.
WARNING: [Vivado 12-584] No ports matched 'sseg[7]'. [C:/Users/runne/Desktop/Soc_FPGA/Bui_Final_Project/Bui_Final/Bui_Final.srcs/constrs_1/imports/constraint/Nexys4_DDR_chu.xdc:94]
CRITICAL WARNING: [Common 17-55] 'set_property' expects at least one object. [C:/Users/runne/Desktop/Soc_FPGA/Bui_Final_Project/Bui_Final/Bui_Final.srcs/constrs_1/imports/constraint/Nexys4_DDR_chu.xdc:94]
Resolution: If [get_<value>] was used to populate the object, check to make sure this command returns at least one valid object.
WARNING: [Vivado 12-584] No ports matched 'an[0]'. [C:/Users/runne/Desktop/Soc_FPGA/Bui_Final_Project/Bui_Final/Bui_Final.srcs/constrs_1/imports/constraint/Nexys4_DDR_chu.xdc:96]
CRITICAL WARNING: [Common 17-55] 'set_property' expects at least one object. [C:/Users/runne/Desktop/Soc_FPGA/Bui_Final_Project/Bui_Final/Bui_Final.srcs/constrs_1/imports/constraint/Nexys4_DDR_chu.xdc:96]
Resolution: If [get_<value>] was used to populate the object, check to make sure this command returns at least one valid object.
WARNING: [Vivado 12-584] No ports matched 'an[1]'. [C:/Users/runne/Desktop/Soc_FPGA/Bui_Final_Project/Bui_Final/Bui_Final.srcs/constrs_1/imports/constraint/Nexys4_DDR_chu.xdc:97]
CRITICAL WARNING: [Common 17-55] 'set_property' expects at least one object. [C:/Users/runne/Desktop/Soc_FPGA/Bui_Final_Project/Bui_Final/Bui_Final.srcs/constrs_1/imports/constraint/Nexys4_DDR_chu.xdc:97]
Resolution: If [get_<value>] was used to populate the object, check to make sure this command returns at least one valid object.
WARNING: [Vivado 12-584] No ports matched 'an[2]'. [C:/Users/runne/Desktop/Soc_FPGA/Bui_Final_Project/Bui_Final/Bui_Final.srcs/constrs_1/imports/constraint/Nexys4_DDR_chu.xdc:98]
CRITICAL WARNING: [Common 17-55] 'set_property' expects at least one object. [C:/Users/runne/Desktop/Soc_FPGA/Bui_Final_Project/Bui_Final/Bui_Final.srcs/constrs_1/imports/constraint/Nexys4_DDR_chu.xdc:98]
Resolution: If [get_<value>] was used to populate the object, check to make sure this command returns at least one valid object.
WARNING: [Vivado 12-584] No ports matched 'an[3]'. [C:/Users/runne/Desktop/Soc_FPGA/Bui_Final_Project/Bui_Final/Bui_Final.srcs/constrs_1/imports/constraint/Nexys4_DDR_chu.xdc:99]
CRITICAL WARNING: [Common 17-55] 'set_property' expects at least one object. [C:/Users/runne/Desktop/Soc_FPGA/Bui_Final_Project/Bui_Final/Bui_Final.srcs/constrs_1/imports/constraint/Nexys4_DDR_chu.xdc:99]
Resolution: If [get_<value>] was used to populate the object, check to make sure this command returns at least one valid object.
WARNING: [Vivado 12-584] No ports matched 'an[4]'. [C:/Users/runne/Desktop/Soc_FPGA/Bui_Final_Project/Bui_Final/Bui_Final.srcs/constrs_1/imports/constraint/Nexys4_DDR_chu.xdc:100]
CRITICAL WARNING: [Common 17-55] 'set_property' expects at least one object. [C:/Users/runne/Desktop/Soc_FPGA/Bui_Final_Project/Bui_Final/Bui_Final.srcs/constrs_1/imports/constraint/Nexys4_DDR_chu.xdc:100]
Resolution: If [get_<value>] was used to populate the object, check to make sure this command returns at least one valid object.
WARNING: [Vivado 12-584] No ports matched 'an[5]'. [C:/Users/runne/Desktop/Soc_FPGA/Bui_Final_Project/Bui_Final/Bui_Final.srcs/constrs_1/imports/constraint/Nexys4_DDR_chu.xdc:101]
CRITICAL WARNING: [Common 17-55] 'set_property' expects at least one object. [C:/Users/runne/Desktop/Soc_FPGA/Bui_Final_Project/Bui_Final/Bui_Final.srcs/constrs_1/imports/constraint/Nexys4_DDR_chu.xdc:101]
Resolution: If [get_<value>] was used to populate the object, check to make sure this command returns at least one valid object.
WARNING: [Vivado 12-584] No ports matched 'an[6]'. [C:/Users/runne/Desktop/Soc_FPGA/Bui_Final_Project/Bui_Final/Bui_Final.srcs/constrs_1/imports/constraint/Nexys4_DDR_chu.xdc:102]
CRITICAL WARNING: [Common 17-55] 'set_property' expects at least one object. [C:/Users/runne/Desktop/Soc_FPGA/Bui_Final_Project/Bui_Final/Bui_Final.srcs/constrs_1/imports/constraint/Nexys4_DDR_chu.xdc:102]
Resolution: If [get_<value>] was used to populate the object, check to make sure this command returns at least one valid object.
WARNING: [Vivado 12-584] No ports matched 'an[7]'. [C:/Users/runne/Desktop/Soc_FPGA/Bui_Final_Project/Bui_Final/Bui_Final.srcs/constrs_1/imports/constraint/Nexys4_DDR_chu.xdc:103]
CRITICAL WARNING: [Common 17-55] 'set_property' expects at least one object. [C:/Users/runne/Desktop/Soc_FPGA/Bui_Final_Project/Bui_Final/Bui_Final.srcs/constrs_1/imports/constraint/Nexys4_DDR_chu.xdc:103]
Resolution: If [get_<value>] was used to populate the object, check to make sure this command returns at least one valid object.
WARNING: [Vivado 12-584] No ports matched 'audio_pdm'. [C:/Users/runne/Desktop/Soc_FPGA/Bui_Final_Project/Bui_Final/Bui_Final.srcs/constrs_1/imports/constraint/Nexys4_DDR_chu.xdc:109]
CRITICAL WARNING: [Common 17-55] 'set_property' expects at least one object. [C:/Users/runne/Desktop/Soc_FPGA/Bui_Final_Project/Bui_Final/Bui_Final.srcs/constrs_1/imports/constraint/Nexys4_DDR_chu.xdc:109]
Resolution: If [get_<value>] was used to populate the object, check to make sure this command returns at least one valid object.
WARNING: [Vivado 12-584] No ports matched 'audio_on'. [C:/Users/runne/Desktop/Soc_FPGA/Bui_Final_Project/Bui_Final/Bui_Final.srcs/constrs_1/imports/constraint/Nexys4_DDR_chu.xdc:110]
CRITICAL WARNING: [Common 17-55] 'set_property' expects at least one object. [C:/Users/runne/Desktop/Soc_FPGA/Bui_Final_Project/Bui_Final/Bui_Final.srcs/constrs_1/imports/constraint/Nexys4_DDR_chu.xdc:110]
Resolution: If [get_<value>] was used to populate the object, check to make sure this command returns at least one valid object.
WARNING: [Vivado 12-584] No ports matched 'ps2c'. [C:/Users/runne/Desktop/Soc_FPGA/Bui_Final_Project/Bui_Final/Bui_Final.srcs/constrs_1/imports/constraint/Nexys4_DDR_chu.xdc:125]
CRITICAL WARNING: [Common 17-55] 'set_property' expects at least one object. [C:/Users/runne/Desktop/Soc_FPGA/Bui_Final_Project/Bui_Final/Bui_Final.srcs/constrs_1/imports/constraint/Nexys4_DDR_chu.xdc:125]
Resolution: If [get_<value>] was used to populate the object, check to make sure this command returns at least one valid object.
WARNING: [Vivado 12-584] No ports matched 'ps2d'. [C:/Users/runne/Desktop/Soc_FPGA/Bui_Final_Project/Bui_Final/Bui_Final.srcs/constrs_1/imports/constraint/Nexys4_DDR_chu.xdc:126]
CRITICAL WARNING: [Common 17-55] 'set_property' expects at least one object. [C:/Users/runne/Desktop/Soc_FPGA/Bui_Final_Project/Bui_Final/Bui_Final.srcs/constrs_1/imports/constraint/Nexys4_DDR_chu.xdc:126]
Resolution: If [get_<value>] was used to populate the object, check to make sure this command returns at least one valid object.
WARNING: [Vivado 12-584] No ports matched 'tmp_i2c_scl'. [C:/Users/runne/Desktop/Soc_FPGA/Bui_Final_Project/Bui_Final/Bui_Final.srcs/constrs_1/imports/constraint/Nexys4_DDR_chu.xdc:133]
CRITICAL WARNING: [Common 17-55] 'set_property' expects at least one object. [C:/Users/runne/Desktop/Soc_FPGA/Bui_Final_Project/Bui_Final/Bui_Final.srcs/constrs_1/imports/constraint/Nexys4_DDR_chu.xdc:133]
Resolution: If [get_<value>] was used to populate the object, check to make sure this command returns at least one valid object.
WARNING: [Vivado 12-584] No ports matched 'tmp_i2c_sda'. [C:/Users/runne/Desktop/Soc_FPGA/Bui_Final_Project/Bui_Final/Bui_Final.srcs/constrs_1/imports/constraint/Nexys4_DDR_chu.xdc:134]
CRITICAL WARNING: [Common 17-55] 'set_property' expects at least one object. [C:/Users/runne/Desktop/Soc_FPGA/Bui_Final_Project/Bui_Final/Bui_Final.srcs/constrs_1/imports/constraint/Nexys4_DDR_chu.xdc:134]
Resolution: If [get_<value>] was used to populate the object, check to make sure this command returns at least one valid object.
WARNING: [Vivado 12-584] No ports matched 'acl_miso'. [C:/Users/runne/Desktop/Soc_FPGA/Bui_Final_Project/Bui_Final/Bui_Final.srcs/constrs_1/imports/constraint/Nexys4_DDR_chu.xdc:144]
CRITICAL WARNING: [Common 17-55] 'set_property' expects at least one object. [C:/Users/runne/Desktop/Soc_FPGA/Bui_Final_Project/Bui_Final/Bui_Final.srcs/constrs_1/imports/constraint/Nexys4_DDR_chu.xdc:144]
Resolution: If [get_<value>] was used to populate the object, check to make sure this command returns at least one valid object.
WARNING: [Vivado 12-584] No ports matched 'acl_mosi'. [C:/Users/runne/Desktop/Soc_FPGA/Bui_Final_Project/Bui_Final/Bui_Final.srcs/constrs_1/imports/constraint/Nexys4_DDR_chu.xdc:145]
CRITICAL WARNING: [Common 17-55] 'set_property' expects at least one object. [C:/Users/runne/Desktop/Soc_FPGA/Bui_Final_Project/Bui_Final/Bui_Final.srcs/constrs_1/imports/constraint/Nexys4_DDR_chu.xdc:145]
Resolution: If [get_<value>] was used to populate the object, check to make sure this command returns at least one valid object.
WARNING: [Vivado 12-584] No ports matched 'acl_sclk'. [C:/Users/runne/Desktop/Soc_FPGA/Bui_Final_Project/Bui_Final/Bui_Final.srcs/constrs_1/imports/constraint/Nexys4_DDR_chu.xdc:146]
CRITICAL WARNING: [Common 17-55] 'set_property' expects at least one object. [C:/Users/runne/Desktop/Soc_FPGA/Bui_Final_Project/Bui_Final/Bui_Final.srcs/constrs_1/imports/constraint/Nexys4_DDR_chu.xdc:146]
Resolution: If [get_<value>] was used to populate the object, check to make sure this command returns at least one valid object.
WARNING: [Vivado 12-584] No ports matched 'acl_ss_n'. [C:/Users/runne/Desktop/Soc_FPGA/Bui_Final_Project/Bui_Final/Bui_Final.srcs/constrs_1/imports/constraint/Nexys4_DDR_chu.xdc:147]
CRITICAL WARNING: [Common 17-55] 'set_property' expects at least one object. [C:/Users/runne/Desktop/Soc_FPGA/Bui_Final_Project/Bui_Final/Bui_Final.srcs/constrs_1/imports/constraint/Nexys4_DDR_chu.xdc:147]
Resolution: If [get_<value>] was used to populate the object, check to make sure this command returns at least one valid object.
WARNING: [Vivado 12-584] No ports matched 'hsync'. [C:/Users/runne/Desktop/Soc_FPGA/Bui_Final_Project/Bui_Final/Bui_Final.srcs/constrs_1/imports/constraint/Nexys4_DDR_chu.xdc:156]
CRITICAL WARNING: [Common 17-55] 'set_property' expects at least one object. [C:/Users/runne/Desktop/Soc_FPGA/Bui_Final_Project/Bui_Final/Bui_Final.srcs/constrs_1/imports/constraint/Nexys4_DDR_chu.xdc:156]
Resolution: If [get_<value>] was used to populate the object, check to make sure this command returns at least one valid object.
WARNING: [Vivado 12-584] No ports matched 'vsync'. [C:/Users/runne/Desktop/Soc_FPGA/Bui_Final_Project/Bui_Final/Bui_Final.srcs/constrs_1/imports/constraint/Nexys4_DDR_chu.xdc:157]
CRITICAL WARNING: [Common 17-55] 'set_property' expects at least one object. [C:/Users/runne/Desktop/Soc_FPGA/Bui_Final_Project/Bui_Final/Bui_Final.srcs/constrs_1/imports/constraint/Nexys4_DDR_chu.xdc:157]
Resolution: If [get_<value>] was used to populate the object, check to make sure this command returns at least one valid object.
WARNING: [Vivado 12-584] No ports matched 'rgb[8]'. [C:/Users/runne/Desktop/Soc_FPGA/Bui_Final_Project/Bui_Final/Bui_Final.srcs/constrs_1/imports/constraint/Nexys4_DDR_chu.xdc:158]
CRITICAL WARNING: [Common 17-55] 'set_property' expects at least one object. [C:/Users/runne/Desktop/Soc_FPGA/Bui_Final_Project/Bui_Final/Bui_Final.srcs/constrs_1/imports/constraint/Nexys4_DDR_chu.xdc:158]
Resolution: If [get_<value>] was used to populate the object, check to make sure this command returns at least one valid object.
WARNING: [Vivado 12-584] No ports matched 'rgb[9]'. [C:/Users/runne/Desktop/Soc_FPGA/Bui_Final_Project/Bui_Final/Bui_Final.srcs/constrs_1/imports/constraint/Nexys4_DDR_chu.xdc:159]
CRITICAL WARNING: [Common 17-55] 'set_property' expects at least one object. [C:/Users/runne/Desktop/Soc_FPGA/Bui_Final_Project/Bui_Final/Bui_Final.srcs/constrs_1/imports/constraint/Nexys4_DDR_chu.xdc:159]
Resolution: If [get_<value>] was used to populate the object, check to make sure this command returns at least one valid object.
WARNING: [Vivado 12-584] No ports matched 'rgb[10]'. [C:/Users/runne/Desktop/Soc_FPGA/Bui_Final_Project/Bui_Final/Bui_Final.srcs/constrs_1/imports/constraint/Nexys4_DDR_chu.xdc:160]
CRITICAL WARNING: [Common 17-55] 'set_property' expects at least one object. [C:/Users/runne/Desktop/Soc_FPGA/Bui_Final_Project/Bui_Final/Bui_Final.srcs/constrs_1/imports/constraint/Nexys4_DDR_chu.xdc:160]
Resolution: If [get_<value>] was used to populate the object, check to make sure this command returns at least one valid object.
WARNING: [Vivado 12-584] No ports matched 'rgb[11]'. [C:/Users/runne/Desktop/Soc_FPGA/Bui_Final_Project/Bui_Final/Bui_Final.srcs/constrs_1/imports/constraint/Nexys4_DDR_chu.xdc:161]
CRITICAL WARNING: [Common 17-55] 'set_property' expects at least one object. [C:/Users/runne/Desktop/Soc_FPGA/Bui_Final_Project/Bui_Final/Bui_Final.srcs/constrs_1/imports/constraint/Nexys4_DDR_chu.xdc:161]
Resolution: If [get_<value>] was used to populate the object, check to make sure this command returns at least one valid object.
WARNING: [Vivado 12-584] No ports matched 'rgb[4]'. [C:/Users/runne/Desktop/Soc_FPGA/Bui_Final_Project/Bui_Final/Bui_Final.srcs/constrs_1/imports/constraint/Nexys4_DDR_chu.xdc:162]
CRITICAL WARNING: [Common 17-55] 'set_property' expects at least one object. [C:/Users/runne/Desktop/Soc_FPGA/Bui_Final_Project/Bui_Final/Bui_Final.srcs/constrs_1/imports/constraint/Nexys4_DDR_chu.xdc:162]
Resolution: If [get_<value>] was used to populate the object, check to make sure this command returns at least one valid object.
WARNING: [Vivado 12-584] No ports matched 'rgb[5]'. [C:/Users/runne/Desktop/Soc_FPGA/Bui_Final_Project/Bui_Final/Bui_Final.srcs/constrs_1/imports/constraint/Nexys4_DDR_chu.xdc:163]
CRITICAL WARNING: [Common 17-55] 'set_property' expects at least one object. [C:/Users/runne/Desktop/Soc_FPGA/Bui_Final_Project/Bui_Final/Bui_Final.srcs/constrs_1/imports/constraint/Nexys4_DDR_chu.xdc:163]
Resolution: If [get_<value>] was used to populate the object, check to make sure this command returns at least one valid object.
WARNING: [Vivado 12-584] No ports matched 'rgb[6]'. [C:/Users/runne/Desktop/Soc_FPGA/Bui_Final_Project/Bui_Final/Bui_Final.srcs/constrs_1/imports/constraint/Nexys4_DDR_chu.xdc:164]
CRITICAL WARNING: [Common 17-55] 'set_property' expects at least one object. [C:/Users/runne/Desktop/Soc_FPGA/Bui_Final_Project/Bui_Final/Bui_Final.srcs/constrs_1/imports/constraint/Nexys4_DDR_chu.xdc:164]
Resolution: If [get_<value>] was used to populate the object, check to make sure this command returns at least one valid object.
WARNING: [Vivado 12-584] No ports matched 'rgb[7]'. [C:/Users/runne/Desktop/Soc_FPGA/Bui_Final_Project/Bui_Final/Bui_Final.srcs/constrs_1/imports/constraint/Nexys4_DDR_chu.xdc:165]
CRITICAL WARNING: [Common 17-55] 'set_property' expects at least one object. [C:/Users/runne/Desktop/Soc_FPGA/Bui_Final_Project/Bui_Final/Bui_Final.srcs/constrs_1/imports/constraint/Nexys4_DDR_chu.xdc:165]
Resolution: If [get_<value>] was used to populate the object, check to make sure this command returns at least one valid object.
WARNING: [Vivado 12-584] No ports matched 'rgb[0]'. [C:/Users/runne/Desktop/Soc_FPGA/Bui_Final_Project/Bui_Final/Bui_Final.srcs/constrs_1/imports/constraint/Nexys4_DDR_chu.xdc:166]
CRITICAL WARNING: [Common 17-55] 'set_property' expects at least one object. [C:/Users/runne/Desktop/Soc_FPGA/Bui_Final_Project/Bui_Final/Bui_Final.srcs/constrs_1/imports/constraint/Nexys4_DDR_chu.xdc:166]
Resolution: If [get_<value>] was used to populate the object, check to make sure this command returns at least one valid object.
WARNING: [Vivado 12-584] No ports matched 'rgb[1]'. [C:/Users/runne/Desktop/Soc_FPGA/Bui_Final_Project/Bui_Final/Bui_Final.srcs/constrs_1/imports/constraint/Nexys4_DDR_chu.xdc:167]
CRITICAL WARNING: [Common 17-55] 'set_property' expects at least one object. [C:/Users/runne/Desktop/Soc_FPGA/Bui_Final_Project/Bui_Final/Bui_Final.srcs/constrs_1/imports/constraint/Nexys4_DDR_chu.xdc:167]
Resolution: If [get_<value>] was used to populate the object, check to make sure this command returns at least one valid object.
WARNING: [Vivado 12-584] No ports matched 'rgb[2]'. [C:/Users/runne/Desktop/Soc_FPGA/Bui_Final_Project/Bui_Final/Bui_Final.srcs/constrs_1/imports/constraint/Nexys4_DDR_chu.xdc:168]
CRITICAL WARNING: [Common 17-55] 'set_property' expects at least one object. [C:/Users/runne/Desktop/Soc_FPGA/Bui_Final_Project/Bui_Final/Bui_Final.srcs/constrs_1/imports/constraint/Nexys4_DDR_chu.xdc:168]
Resolution: If [get_<value>] was used to populate the object, check to make sure this command returns at least one valid object.
WARNING: [Vivado 12-584] No ports matched 'rgb[3]'. [C:/Users/runne/Desktop/Soc_FPGA/Bui_Final_Project/Bui_Final/Bui_Final.srcs/constrs_1/imports/constraint/Nexys4_DDR_chu.xdc:169]
CRITICAL WARNING: [Common 17-55] 'set_property' expects at least one object. [C:/Users/runne/Desktop/Soc_FPGA/Bui_Final_Project/Bui_Final/Bui_Final.srcs/constrs_1/imports/constraint/Nexys4_DDR_chu.xdc:169]
Resolution: If [get_<value>] was used to populate the object, check to make sure this command returns at least one valid object.
WARNING: [Vivado 12-584] No ports matched 'sd_reset'. [C:/Users/runne/Desktop/Soc_FPGA/Bui_Final_Project/Bui_Final/Bui_Final.srcs/constrs_1/imports/constraint/Nexys4_DDR_chu.xdc:174]
CRITICAL WARNING: [Common 17-55] 'set_property' expects at least one object. [C:/Users/runne/Desktop/Soc_FPGA/Bui_Final_Project/Bui_Final/Bui_Final.srcs/constrs_1/imports/constraint/Nexys4_DDR_chu.xdc:174]
Resolution: If [get_<value>] was used to populate the object, check to make sure this command returns at least one valid object.
WARNING: [Vivado 12-584] No ports matched 'sd_sclk'. [C:/Users/runne/Desktop/Soc_FPGA/Bui_Final_Project/Bui_Final/Bui_Final.srcs/constrs_1/imports/constraint/Nexys4_DDR_chu.xdc:175]
CRITICAL WARNING: [Common 17-55] 'set_property' expects at least one object. [C:/Users/runne/Desktop/Soc_FPGA/Bui_Final_Project/Bui_Final/Bui_Final.srcs/constrs_1/imports/constraint/Nexys4_DDR_chu.xdc:175]
Resolution: If [get_<value>] was used to populate the object, check to make sure this command returns at least one valid object.
WARNING: [Vivado 12-584] No ports matched 'sd_mosi'. [C:/Users/runne/Desktop/Soc_FPGA/Bui_Final_Project/Bui_Final/Bui_Final.srcs/constrs_1/imports/constraint/Nexys4_DDR_chu.xdc:176]
CRITICAL WARNING: [Common 17-55] 'set_property' expects at least one object. [C:/Users/runne/Desktop/Soc_FPGA/Bui_Final_Project/Bui_Final/Bui_Final.srcs/constrs_1/imports/constraint/Nexys4_DDR_chu.xdc:176]
Resolution: If [get_<value>] was used to populate the object, check to make sure this command returns at least one valid object.
WARNING: [Vivado 12-584] No ports matched 'sd_miso'. [C:/Users/runne/Desktop/Soc_FPGA/Bui_Final_Project/Bui_Final/Bui_Final.srcs/constrs_1/imports/constraint/Nexys4_DDR_chu.xdc:177]
CRITICAL WARNING: [Common 17-55] 'set_property' expects at least one object. [C:/Users/runne/Desktop/Soc_FPGA/Bui_Final_Project/Bui_Final/Bui_Final.srcs/constrs_1/imports/constraint/Nexys4_DDR_chu.xdc:177]
Resolution: If [get_<value>] was used to populate the object, check to make sure this command returns at least one valid object.
WARNING: [Vivado 12-584] No ports matched 'sd_ss_n'. [C:/Users/runne/Desktop/Soc_FPGA/Bui_Final_Project/Bui_Final/Bui_Final.srcs/constrs_1/imports/constraint/Nexys4_DDR_chu.xdc:180]
CRITICAL WARNING: [Common 17-55] 'set_property' expects at least one object. [C:/Users/runne/Desktop/Soc_FPGA/Bui_Final_Project/Bui_Final/Bui_Final.srcs/constrs_1/imports/constraint/Nexys4_DDR_chu.xdc:180]
Resolution: If [get_<value>] was used to populate the object, check to make sure this command returns at least one valid object.
WARNING: [Vivado 12-584] No ports matched 'adc_n[0]'. [C:/Users/runne/Desktop/Soc_FPGA/Bui_Final_Project/Bui_Final/Bui_Final.srcs/constrs_1/imports/constraint/Nexys4_DDR_chu.xdc:207]
CRITICAL WARNING: [Common 17-55] 'set_property' expects at least one object. [C:/Users/runne/Desktop/Soc_FPGA/Bui_Final_Project/Bui_Final/Bui_Final.srcs/constrs_1/imports/constraint/Nexys4_DDR_chu.xdc:207]
Resolution: If [get_<value>] was used to populate the object, check to make sure this command returns at least one valid object.
WARNING: [Vivado 12-584] No ports matched 'adc_p[0]'. [C:/Users/runne/Desktop/Soc_FPGA/Bui_Final_Project/Bui_Final/Bui_Final.srcs/constrs_1/imports/constraint/Nexys4_DDR_chu.xdc:208]
CRITICAL WARNING: [Common 17-55] 'set_property' expects at least one object. [C:/Users/runne/Desktop/Soc_FPGA/Bui_Final_Project/Bui_Final/Bui_Final.srcs/constrs_1/imports/constraint/Nexys4_DDR_chu.xdc:208]
Resolution: If [get_<value>] was used to populate the object, check to make sure this command returns at least one valid object.
WARNING: [Vivado 12-584] No ports matched 'adc_n[1]'. [C:/Users/runne/Desktop/Soc_FPGA/Bui_Final_Project/Bui_Final/Bui_Final.srcs/constrs_1/imports/constraint/Nexys4_DDR_chu.xdc:209]
CRITICAL WARNING: [Common 17-55] 'set_property' expects at least one object. [C:/Users/runne/Desktop/Soc_FPGA/Bui_Final_Project/Bui_Final/Bui_Final.srcs/constrs_1/imports/constraint/Nexys4_DDR_chu.xdc:209]
Resolution: If [get_<value>] was used to populate the object, check to make sure this command returns at least one valid object.
WARNING: [Vivado 12-584] No ports matched 'adc_p[1]'. [C:/Users/runne/Desktop/Soc_FPGA/Bui_Final_Project/Bui_Final/Bui_Final.srcs/constrs_1/imports/constraint/Nexys4_DDR_chu.xdc:210]
CRITICAL WARNING: [Common 17-55] 'set_property' expects at least one object. [C:/Users/runne/Desktop/Soc_FPGA/Bui_Final_Project/Bui_Final/Bui_Final.srcs/constrs_1/imports/constraint/Nexys4_DDR_chu.xdc:210]
Resolution: If [get_<value>] was used to populate the object, check to make sure this command returns at least one valid object.
WARNING: [Vivado 12-584] No ports matched 'adc_n[2]'. [C:/Users/runne/Desktop/Soc_FPGA/Bui_Final_Project/Bui_Final/Bui_Final.srcs/constrs_1/imports/constraint/Nexys4_DDR_chu.xdc:211]
CRITICAL WARNING: [Common 17-55] 'set_property' expects at least one object. [C:/Users/runne/Desktop/Soc_FPGA/Bui_Final_Project/Bui_Final/Bui_Final.srcs/constrs_1/imports/constraint/Nexys4_DDR_chu.xdc:211]
Resolution: If [get_<value>] was used to populate the object, check to make sure this command returns at least one valid object.
WARNING: [Vivado 12-584] No ports matched 'adc_p[2]'. [C:/Users/runne/Desktop/Soc_FPGA/Bui_Final_Project/Bui_Final/Bui_Final.srcs/constrs_1/imports/constraint/Nexys4_DDR_chu.xdc:212]
CRITICAL WARNING: [Common 17-55] 'set_property' expects at least one object. [C:/Users/runne/Desktop/Soc_FPGA/Bui_Final_Project/Bui_Final/Bui_Final.srcs/constrs_1/imports/constraint/Nexys4_DDR_chu.xdc:212]
Resolution: If [get_<value>] was used to populate the object, check to make sure this command returns at least one valid object.
WARNING: [Vivado 12-584] No ports matched 'adc_n[3]'. [C:/Users/runne/Desktop/Soc_FPGA/Bui_Final_Project/Bui_Final/Bui_Final.srcs/constrs_1/imports/constraint/Nexys4_DDR_chu.xdc:213]
CRITICAL WARNING: [Common 17-55] 'set_property' expects at least one object. [C:/Users/runne/Desktop/Soc_FPGA/Bui_Final_Project/Bui_Final/Bui_Final.srcs/constrs_1/imports/constraint/Nexys4_DDR_chu.xdc:213]
Resolution: If [get_<value>] was used to populate the object, check to make sure this command returns at least one valid object.
WARNING: [Vivado 12-584] No ports matched 'adc_p[3]'. [C:/Users/runne/Desktop/Soc_FPGA/Bui_Final_Project/Bui_Final/Bui_Final.srcs/constrs_1/imports/constraint/Nexys4_DDR_chu.xdc:214]
CRITICAL WARNING: [Common 17-55] 'set_property' expects at least one object. [C:/Users/runne/Desktop/Soc_FPGA/Bui_Final_Project/Bui_Final/Bui_Final.srcs/constrs_1/imports/constraint/Nexys4_DDR_chu.xdc:214]
Resolution: If [get_<value>] was used to populate the object, check to make sure this command returns at least one valid object.
WARNING: [Vivado 12-584] No ports matched 'ja_top[1]'. [C:/Users/runne/Desktop/Soc_FPGA/Bui_Final_Project/Bui_Final/Bui_Final.srcs/constrs_1/imports/constraint/Nexys4_DDR_chu.xdc:223]
CRITICAL WARNING: [Common 17-55] 'set_property' expects at least one object. [C:/Users/runne/Desktop/Soc_FPGA/Bui_Final_Project/Bui_Final/Bui_Final.srcs/constrs_1/imports/constraint/Nexys4_DDR_chu.xdc:223]
Resolution: If [get_<value>] was used to populate the object, check to make sure this command returns at least one valid object.
WARNING: [Vivado 12-584] No ports matched 'ja_top[2]'. [C:/Users/runne/Desktop/Soc_FPGA/Bui_Final_Project/Bui_Final/Bui_Final.srcs/constrs_1/imports/constraint/Nexys4_DDR_chu.xdc:224]
CRITICAL WARNING: [Common 17-55] 'set_property' expects at least one object. [C:/Users/runne/Desktop/Soc_FPGA/Bui_Final_Project/Bui_Final/Bui_Final.srcs/constrs_1/imports/constraint/Nexys4_DDR_chu.xdc:224]
Resolution: If [get_<value>] was used to populate the object, check to make sure this command returns at least one valid object.
WARNING: [Vivado 12-584] No ports matched 'ja_top[3]'. [C:/Users/runne/Desktop/Soc_FPGA/Bui_Final_Project/Bui_Final/Bui_Final.srcs/constrs_1/imports/constraint/Nexys4_DDR_chu.xdc:225]
CRITICAL WARNING: [Common 17-55] 'set_property' expects at least one object. [C:/Users/runne/Desktop/Soc_FPGA/Bui_Final_Project/Bui_Final/Bui_Final.srcs/constrs_1/imports/constraint/Nexys4_DDR_chu.xdc:225]
Resolution: If [get_<value>] was used to populate the object, check to make sure this command returns at least one valid object.
WARNING: [Vivado 12-584] No ports matched 'ja_top[4]'. [C:/Users/runne/Desktop/Soc_FPGA/Bui_Final_Project/Bui_Final/Bui_Final.srcs/constrs_1/imports/constraint/Nexys4_DDR_chu.xdc:226]
CRITICAL WARNING: [Common 17-55] 'set_property' expects at least one object. [C:/Users/runne/Desktop/Soc_FPGA/Bui_Final_Project/Bui_Final/Bui_Final.srcs/constrs_1/imports/constraint/Nexys4_DDR_chu.xdc:226]
Resolution: If [get_<value>] was used to populate the object, check to make sure this command returns at least one valid object.
WARNING: [Vivado 12-584] No ports matched 'ja_btm[7]'. [C:/Users/runne/Desktop/Soc_FPGA/Bui_Final_Project/Bui_Final/Bui_Final.srcs/constrs_1/imports/constraint/Nexys4_DDR_chu.xdc:227]
CRITICAL WARNING: [Common 17-55] 'set_property' expects at least one object. [C:/Users/runne/Desktop/Soc_FPGA/Bui_Final_Project/Bui_Final/Bui_Final.srcs/constrs_1/imports/constraint/Nexys4_DDR_chu.xdc:227]
Resolution: If [get_<value>] was used to populate the object, check to make sure this command returns at least one valid object.
WARNING: [Vivado 12-584] No ports matched 'ja_btm[8]'. [C:/Users/runne/Desktop/Soc_FPGA/Bui_Final_Project/Bui_Final/Bui_Final.srcs/constrs_1/imports/constraint/Nexys4_DDR_chu.xdc:228]
CRITICAL WARNING: [Common 17-55] 'set_property' expects at least one object. [C:/Users/runne/Desktop/Soc_FPGA/Bui_Final_Project/Bui_Final/Bui_Final.srcs/constrs_1/imports/constraint/Nexys4_DDR_chu.xdc:228]
Resolution: If [get_<value>] was used to populate the object, check to make sure this command returns at least one valid object.
WARNING: [Vivado 12-584] No ports matched 'ja_btm[9]'. [C:/Users/runne/Desktop/Soc_FPGA/Bui_Final_Project/Bui_Final/Bui_Final.srcs/constrs_1/imports/constraint/Nexys4_DDR_chu.xdc:229]
CRITICAL WARNING: [Common 17-55] 'set_property' expects at least one object. [C:/Users/runne/Desktop/Soc_FPGA/Bui_Final_Project/Bui_Final/Bui_Final.srcs/constrs_1/imports/constraint/Nexys4_DDR_chu.xdc:229]
Resolution: If [get_<value>] was used to populate the object, check to make sure this command returns at least one valid object.
WARNING: [Vivado 12-584] No ports matched 'ja_btm[10]'. [C:/Users/runne/Desktop/Soc_FPGA/Bui_Final_Project/Bui_Final/Bui_Final.srcs/constrs_1/imports/constraint/Nexys4_DDR_chu.xdc:230]
CRITICAL WARNING: [Common 17-55] 'set_property' expects at least one object. [C:/Users/runne/Desktop/Soc_FPGA/Bui_Final_Project/Bui_Final/Bui_Final.srcs/constrs_1/imports/constraint/Nexys4_DDR_chu.xdc:230]
Resolution: If [get_<value>] was used to populate the object, check to make sure this command returns at least one valid object.
WARNING: [Vivado 12-584] No ports matched 'jb_top[1]'. [C:/Users/runne/Desktop/Soc_FPGA/Bui_Final_Project/Bui_Final/Bui_Final.srcs/constrs_1/imports/constraint/Nexys4_DDR_chu.xdc:237]
CRITICAL WARNING: [Common 17-55] 'set_property' expects at least one object. [C:/Users/runne/Desktop/Soc_FPGA/Bui_Final_Project/Bui_Final/Bui_Final.srcs/constrs_1/imports/constraint/Nexys4_DDR_chu.xdc:237]
Resolution: If [get_<value>] was used to populate the object, check to make sure this command returns at least one valid object.
WARNING: [Vivado 12-584] No ports matched 'jb_top[2]'. [C:/Users/runne/Desktop/Soc_FPGA/Bui_Final_Project/Bui_Final/Bui_Final.srcs/constrs_1/imports/constraint/Nexys4_DDR_chu.xdc:238]
CRITICAL WARNING: [Common 17-55] 'set_property' expects at least one object. [C:/Users/runne/Desktop/Soc_FPGA/Bui_Final_Project/Bui_Final/Bui_Final.srcs/constrs_1/imports/constraint/Nexys4_DDR_chu.xdc:238]
Resolution: If [get_<value>] was used to populate the object, check to make sure this command returns at least one valid object.
WARNING: [Vivado 12-584] No ports matched 'jb_top[3]'. [C:/Users/runne/Desktop/Soc_FPGA/Bui_Final_Project/Bui_Final/Bui_Final.srcs/constrs_1/imports/constraint/Nexys4_DDR_chu.xdc:239]
CRITICAL WARNING: [Common 17-55] 'set_property' expects at least one object. [C:/Users/runne/Desktop/Soc_FPGA/Bui_Final_Project/Bui_Final/Bui_Final.srcs/constrs_1/imports/constraint/Nexys4_DDR_chu.xdc:239]
Resolution: If [get_<value>] was used to populate the object, check to make sure this command returns at least one valid object.
WARNING: [Vivado 12-584] No ports matched 'jb_top[4]'. [C:/Users/runne/Desktop/Soc_FPGA/Bui_Final_Project/Bui_Final/Bui_Final.srcs/constrs_1/imports/constraint/Nexys4_DDR_chu.xdc:240]
CRITICAL WARNING: [Common 17-55] 'set_property' expects at least one object. [C:/Users/runne/Desktop/Soc_FPGA/Bui_Final_Project/Bui_Final/Bui_Final.srcs/constrs_1/imports/constraint/Nexys4_DDR_chu.xdc:240]
Resolution: If [get_<value>] was used to populate the object, check to make sure this command returns at least one valid object.
WARNING: [Vivado 12-584] No ports matched 'jb_btm[7]'. [C:/Users/runne/Desktop/Soc_FPGA/Bui_Final_Project/Bui_Final/Bui_Final.srcs/constrs_1/imports/constraint/Nexys4_DDR_chu.xdc:241]
CRITICAL WARNING: [Common 17-55] 'set_property' expects at least one object. [C:/Users/runne/Desktop/Soc_FPGA/Bui_Final_Project/Bui_Final/Bui_Final.srcs/constrs_1/imports/constraint/Nexys4_DDR_chu.xdc:241]
Resolution: If [get_<value>] was used to populate the object, check to make sure this command returns at least one valid object.
WARNING: [Vivado 12-584] No ports matched 'jb_btm[8]'. [C:/Users/runne/Desktop/Soc_FPGA/Bui_Final_Project/Bui_Final/Bui_Final.srcs/constrs_1/imports/constraint/Nexys4_DDR_chu.xdc:242]
CRITICAL WARNING: [Common 17-55] 'set_property' expects at least one object. [C:/Users/runne/Desktop/Soc_FPGA/Bui_Final_Project/Bui_Final/Bui_Final.srcs/constrs_1/imports/constraint/Nexys4_DDR_chu.xdc:242]
Resolution: If [get_<value>] was used to populate the object, check to make sure this command returns at least one valid object.
WARNING: [Vivado 12-584] No ports matched 'jb_btm[9]'. [C:/Users/runne/Desktop/Soc_FPGA/Bui_Final_Project/Bui_Final/Bui_Final.srcs/constrs_1/imports/constraint/Nexys4_DDR_chu.xdc:243]
CRITICAL WARNING: [Common 17-55] 'set_property' expects at least one object. [C:/Users/runne/Desktop/Soc_FPGA/Bui_Final_Project/Bui_Final/Bui_Final.srcs/constrs_1/imports/constraint/Nexys4_DDR_chu.xdc:243]
Resolution: If [get_<value>] was used to populate the object, check to make sure this command returns at least one valid object.
WARNING: [Vivado 12-584] No ports matched 'jb_btm[10]'. [C:/Users/runne/Desktop/Soc_FPGA/Bui_Final_Project/Bui_Final/Bui_Final.srcs/constrs_1/imports/constraint/Nexys4_DDR_chu.xdc:244]
CRITICAL WARNING: [Common 17-55] 'set_property' expects at least one object. [C:/Users/runne/Desktop/Soc_FPGA/Bui_Final_Project/Bui_Final/Bui_Final.srcs/constrs_1/imports/constraint/Nexys4_DDR_chu.xdc:244]
Resolution: If [get_<value>] was used to populate the object, check to make sure this command returns at least one valid object.
WARNING: [Vivado 12-584] No ports matched 'jc_top[1]'. [C:/Users/runne/Desktop/Soc_FPGA/Bui_Final_Project/Bui_Final/Bui_Final.srcs/constrs_1/imports/constraint/Nexys4_DDR_chu.xdc:251]
CRITICAL WARNING: [Common 17-55] 'set_property' expects at least one object. [C:/Users/runne/Desktop/Soc_FPGA/Bui_Final_Project/Bui_Final/Bui_Final.srcs/constrs_1/imports/constraint/Nexys4_DDR_chu.xdc:251]
Resolution: If [get_<value>] was used to populate the object, check to make sure this command returns at least one valid object.
WARNING: [Vivado 12-584] No ports matched 'jc_top[2]'. [C:/Users/runne/Desktop/Soc_FPGA/Bui_Final_Project/Bui_Final/Bui_Final.srcs/constrs_1/imports/constraint/Nexys4_DDR_chu.xdc:252]
CRITICAL WARNING: [Common 17-55] 'set_property' expects at least one object. [C:/Users/runne/Desktop/Soc_FPGA/Bui_Final_Project/Bui_Final/Bui_Final.srcs/constrs_1/imports/constraint/Nexys4_DDR_chu.xdc:252]
Resolution: If [get_<value>] was used to populate the object, check to make sure this command returns at least one valid object.
WARNING: [Vivado 12-584] No ports matched 'jc_top[3]'. [C:/Users/runne/Desktop/Soc_FPGA/Bui_Final_Project/Bui_Final/Bui_Final.srcs/constrs_1/imports/constraint/Nexys4_DDR_chu.xdc:253]
CRITICAL WARNING: [Common 17-55] 'set_property' expects at least one object. [C:/Users/runne/Desktop/Soc_FPGA/Bui_Final_Project/Bui_Final/Bui_Final.srcs/constrs_1/imports/constraint/Nexys4_DDR_chu.xdc:253]
Resolution: If [get_<value>] was used to populate the object, check to make sure this command returns at least one valid object.
WARNING: [Vivado 12-584] No ports matched 'jc_top[4]'. [C:/Users/runne/Desktop/Soc_FPGA/Bui_Final_Project/Bui_Final/Bui_Final.srcs/constrs_1/imports/constraint/Nexys4_DDR_chu.xdc:254]
CRITICAL WARNING: [Common 17-55] 'set_property' expects at least one object. [C:/Users/runne/Desktop/Soc_FPGA/Bui_Final_Project/Bui_Final/Bui_Final.srcs/constrs_1/imports/constraint/Nexys4_DDR_chu.xdc:254]
Resolution: If [get_<value>] was used to populate the object, check to make sure this command returns at least one valid object.
WARNING: [Vivado 12-584] No ports matched 'jc_btm[7]'. [C:/Users/runne/Desktop/Soc_FPGA/Bui_Final_Project/Bui_Final/Bui_Final.srcs/constrs_1/imports/constraint/Nexys4_DDR_chu.xdc:255]
CRITICAL WARNING: [Common 17-55] 'set_property' expects at least one object. [C:/Users/runne/Desktop/Soc_FPGA/Bui_Final_Project/Bui_Final/Bui_Final.srcs/constrs_1/imports/constraint/Nexys4_DDR_chu.xdc:255]
Resolution: If [get_<value>] was used to populate the object, check to make sure this command returns at least one valid object.
WARNING: [Vivado 12-584] No ports matched 'jc_btm[8]'. [C:/Users/runne/Desktop/Soc_FPGA/Bui_Final_Project/Bui_Final/Bui_Final.srcs/constrs_1/imports/constraint/Nexys4_DDR_chu.xdc:256]
CRITICAL WARNING: [Common 17-55] 'set_property' expects at least one object. [C:/Users/runne/Desktop/Soc_FPGA/Bui_Final_Project/Bui_Final/Bui_Final.srcs/constrs_1/imports/constraint/Nexys4_DDR_chu.xdc:256]
Resolution: If [get_<value>] was used to populate the object, check to make sure this command returns at least one valid object.
WARNING: [Vivado 12-584] No ports matched 'jc_btm[9]'. [C:/Users/runne/Desktop/Soc_FPGA/Bui_Final_Project/Bui_Final/Bui_Final.srcs/constrs_1/imports/constraint/Nexys4_DDR_chu.xdc:257]
CRITICAL WARNING: [Common 17-55] 'set_property' expects at least one object. [C:/Users/runne/Desktop/Soc_FPGA/Bui_Final_Project/Bui_Final/Bui_Final.srcs/constrs_1/imports/constraint/Nexys4_DDR_chu.xdc:257]
Resolution: If [get_<value>] was used to populate the object, check to make sure this command returns at least one valid object.
WARNING: [Vivado 12-584] No ports matched 'jc_btm[10]'. [C:/Users/runne/Desktop/Soc_FPGA/Bui_Final_Project/Bui_Final/Bui_Final.srcs/constrs_1/imports/constraint/Nexys4_DDR_chu.xdc:258]
CRITICAL WARNING: [Common 17-55] 'set_property' expects at least one object. [C:/Users/runne/Desktop/Soc_FPGA/Bui_Final_Project/Bui_Final/Bui_Final.srcs/constrs_1/imports/constraint/Nexys4_DDR_chu.xdc:258]
Resolution: If [get_<value>] was used to populate the object, check to make sure this command returns at least one valid object.
WARNING: [Vivado 12-584] No ports matched 'jd_top[1]'. [C:/Users/runne/Desktop/Soc_FPGA/Bui_Final_Project/Bui_Final/Bui_Final.srcs/constrs_1/imports/constraint/Nexys4_DDR_chu.xdc:266]
CRITICAL WARNING: [Common 17-55] 'set_property' expects at least one object. [C:/Users/runne/Desktop/Soc_FPGA/Bui_Final_Project/Bui_Final/Bui_Final.srcs/constrs_1/imports/constraint/Nexys4_DDR_chu.xdc:266]
Resolution: If [get_<value>] was used to populate the object, check to make sure this command returns at least one valid object.
WARNING: [Vivado 12-584] No ports matched 'jd_top[2]'. [C:/Users/runne/Desktop/Soc_FPGA/Bui_Final_Project/Bui_Final/Bui_Final.srcs/constrs_1/imports/constraint/Nexys4_DDR_chu.xdc:267]
CRITICAL WARNING: [Common 17-55] 'set_property' expects at least one object. [C:/Users/runne/Desktop/Soc_FPGA/Bui_Final_Project/Bui_Final/Bui_Final.srcs/constrs_1/imports/constraint/Nexys4_DDR_chu.xdc:267]
Resolution: If [get_<value>] was used to populate the object, check to make sure this command returns at least one valid object.
WARNING: [Vivado 12-584] No ports matched 'jd_top[3]'. [C:/Users/runne/Desktop/Soc_FPGA/Bui_Final_Project/Bui_Final/Bui_Final.srcs/constrs_1/imports/constraint/Nexys4_DDR_chu.xdc:268]
CRITICAL WARNING: [Common 17-55] 'set_property' expects at least one object. [C:/Users/runne/Desktop/Soc_FPGA/Bui_Final_Project/Bui_Final/Bui_Final.srcs/constrs_1/imports/constraint/Nexys4_DDR_chu.xdc:268]
Resolution: If [get_<value>] was used to populate the object, check to make sure this command returns at least one valid object.
WARNING: [Vivado 12-584] No ports matched 'jd_top[4]'. [C:/Users/runne/Desktop/Soc_FPGA/Bui_Final_Project/Bui_Final/Bui_Final.srcs/constrs_1/imports/constraint/Nexys4_DDR_chu.xdc:269]
CRITICAL WARNING: [Common 17-55] 'set_property' expects at least one object. [C:/Users/runne/Desktop/Soc_FPGA/Bui_Final_Project/Bui_Final/Bui_Final.srcs/constrs_1/imports/constraint/Nexys4_DDR_chu.xdc:269]
Resolution: If [get_<value>] was used to populate the object, check to make sure this command returns at least one valid object.
WARNING: [Vivado 12-584] No ports matched 'jd_btm[7]'. [C:/Users/runne/Desktop/Soc_FPGA/Bui_Final_Project/Bui_Final/Bui_Final.srcs/constrs_1/imports/constraint/Nexys4_DDR_chu.xdc:270]
CRITICAL WARNING: [Common 17-55] 'set_property' expects at least one object. [C:/Users/runne/Desktop/Soc_FPGA/Bui_Final_Project/Bui_Final/Bui_Final.srcs/constrs_1/imports/constraint/Nexys4_DDR_chu.xdc:270]
Resolution: If [get_<value>] was used to populate the object, check to make sure this command returns at least one valid object.
WARNING: [Vivado 12-584] No ports matched 'jd_btm[8]'. [C:/Users/runne/Desktop/Soc_FPGA/Bui_Final_Project/Bui_Final/Bui_Final.srcs/constrs_1/imports/constraint/Nexys4_DDR_chu.xdc:271]
CRITICAL WARNING: [Common 17-55] 'set_property' expects at least one object. [C:/Users/runne/Desktop/Soc_FPGA/Bui_Final_Project/Bui_Final/Bui_Final.srcs/constrs_1/imports/constraint/Nexys4_DDR_chu.xdc:271]
Resolution: If [get_<value>] was used to populate the object, check to make sure this command returns at least one valid object.
WARNING: [Vivado 12-584] No ports matched 'jd_btm[9]'. [C:/Users/runne/Desktop/Soc_FPGA/Bui_Final_Project/Bui_Final/Bui_Final.srcs/constrs_1/imports/constraint/Nexys4_DDR_chu.xdc:272]
CRITICAL WARNING: [Common 17-55] 'set_property' expects at least one object. [C:/Users/runne/Desktop/Soc_FPGA/Bui_Final_Project/Bui_Final/Bui_Final.srcs/constrs_1/imports/constraint/Nexys4_DDR_chu.xdc:272]
Resolution: If [get_<value>] was used to populate the object, check to make sure this command returns at least one valid object.
WARNING: [Vivado 12-584] No ports matched 'jd_btm[10]'. [C:/Users/runne/Desktop/Soc_FPGA/Bui_Final_Project/Bui_Final/Bui_Final.srcs/constrs_1/imports/constraint/Nexys4_DDR_chu.xdc:273]
CRITICAL WARNING: [Common 17-55] 'set_property' expects at least one object. [C:/Users/runne/Desktop/Soc_FPGA/Bui_Final_Project/Bui_Final/Bui_Final.srcs/constrs_1/imports/constraint/Nexys4_DDR_chu.xdc:273]
Resolution: If [get_<value>] was used to populate the object, check to make sure this command returns at least one valid object.
Finished Parsing XDC File [C:/Users/runne/Desktop/Soc_FPGA/Bui_Final_Project/Bui_Final/Bui_Final.srcs/constrs_1/imports/constraint/Nexys4_DDR_chu.xdc]
INFO: [Opt 31-138] Pushed 0 inverter(s) to 0 load pin(s).
Generating merged BMM file for the design top 'mcs_top_vanilla'...
INFO: [Memdata 28-144] Successfully populated the BRAM INIT strings from the following elf files: c:/Users/runne/Desktop/Soc_FPGA/Bui_Final_Project/Bui_Final/Bui_Final.srcs/sources_1/ip/cpu/bd_0/ip/ip_0/data/mb_bootloop_le.elf 
INFO: [Project 1-111] Unisim Transformation Summary:
  A total of 177 instances were transformed.
  LUT6_2 => LUT6_2 (LUT5, LUT6): 81 instances
  RAM32X1D => RAM32X1D (RAMD32, RAMD32): 64 instances
  RAM64M => RAM64M (RAMD64E, RAMD64E, RAMD64E, RAMD64E): 16 instances
  RAM64X1D => RAM64X1D (RAMD64E, RAMD64E): 16 instances

9 Infos, 96 Warnings, 96 Critical Warnings and 0 Errors encountered.
link_design completed successfully
link_design: Time (s): cpu = 00:00:10 ; elapsed = 00:00:12 . Memory (MB): peak = 659.813 ; gain = 376.750
Command: opt_design
Attempting to get a license for feature 'Implementation' and/or device 'xc7a100t'
INFO: [Common 17-349] Got license for feature 'Implementation' and/or device 'xc7a100t'
Running DRC as a precondition to command opt_design

Starting DRC Task
INFO: [DRC 23-27] Running DRC with 2 threads
INFO: [Project 1-461] DRC finished with 0 Errors
INFO: [Project 1-462] Please refer to the DRC report (report_drc) for more information.

Time (s): cpu = 00:00:01 ; elapsed = 00:00:00.767 . Memory (MB): peak = 669.770 ; gain = 9.957

Starting Cache Timing Information Task
INFO: [Timing 38-35] Done setting XDC timing constraints.
Ending Cache Timing Information Task | Checksum: 253ab0a7f

Time (s): cpu = 00:00:12 ; elapsed = 00:00:13 . Memory (MB): peak = 1225.332 ; gain = 555.563

Starting Logic Optimization Task

Phase 1 Retarget
INFO: [Opt 31-138] Pushed 2 inverter(s) to 2 load pin(s).
INFO: [Opt 31-49] Retargeted 0 cell(s).
Phase 1 Retarget | Checksum: 1ac7a7f49

Time (s): cpu = 00:00:00 ; elapsed = 00:00:00.502 . Memory (MB): peak = 1225.332 ; gain = 0.000
INFO: [Opt 31-389] Phase Retarget created 0 cells and removed 0 cells

Phase 2 Constant propagation
INFO: [Opt 31-138] Pushed 0 inverter(s) to 0 load pin(s).
Phase 2 Constant propagation | Checksum: 263ff42a4

Time (s): cpu = 00:00:00 ; elapsed = 00:00:00.591 . Memory (MB): peak = 1225.332 ; gain = 0.000
INFO: [Opt 31-389] Phase Constant propagation created 5 cells and removed 16 cells

Phase 3 Sweep
Phase 3 Sweep | Checksum: 1bed16ace

Time (s): cpu = 00:00:01 ; elapsed = 00:00:01 . Memory (MB): peak = 1225.332 ; gain = 0.000
INFO: [Opt 31-389] Phase Sweep created 0 cells and removed 730 cells

Phase 4 BUFG optimization
Phase 4 BUFG optimization | Checksum: 1bed16ace

Time (s): cpu = 00:00:01 ; elapsed = 00:00:01 . Memory (MB): peak = 1225.332 ; gain = 0.000
INFO: [Opt 31-662] Phase BUFG optimization created 0 cells of which 0 are BUFGs and removed 0 cells.

Phase 5 Shift Register Optimization
Phase 5 Shift Register Optimization | Checksum: 159d7db37

Time (s): cpu = 00:00:01 ; elapsed = 00:00:02 . Memory (MB): peak = 1225.332 ; gain = 0.000
INFO: [Opt 31-389] Phase Shift Register Optimization created 0 cells and removed 0 cells

Phase 6 Post Processing Netlist
Phase 6 Post Processing Netlist | Checksum: 159d7db37

Time (s): cpu = 00:00:01 ; elapsed = 00:00:02 . Memory (MB): peak = 1225.332 ; gain = 0.000
INFO: [Opt 31-389] Phase Post Processing Netlist created 0 cells and removed 0 cells

Starting Connectivity Check Task

Time (s): cpu = 00:00:00 ; elapsed = 00:00:00.008 . Memory (MB): peak = 1225.332 ; gain = 0.000
Ending Logic Optimization Task | Checksum: 159d7db37

Time (s): cpu = 00:00:01 ; elapsed = 00:00:02 . Memory (MB): peak = 1225.332 ; gain = 0.000

Starting Power Optimization Task
INFO: [Pwropt 34-132] Skipping clock gating for clocks with a period < 2.00 ns.
INFO: [Timing 38-35] Done setting XDC timing constraints.
INFO: [Physopt 32-619] Estimated Timing Summary | WNS=4.180 | TNS=0.000 |
Running Vector-less Activity Propagation...

Finished Running Vector-less Activity Propagation
INFO: [Pwropt 34-9] Applying IDT optimizations ...
INFO: [Pwropt 34-10] Applying ODC optimizations ...


Starting PowerOpt Patch Enables Task
INFO: [Pwropt 34-162] WRITE_MODE attribute of 0 BRAM(s) out of a total of 32 has been updated to save power. Run report_power_opt to get a complete listing of the BRAMs updated.
INFO: [Pwropt 34-201] Structural ODC has moved 0 WE to EN ports
Number of BRAM Ports augmented: 0 newly gated: 0 Total Ports: 64
Ending PowerOpt Patch Enables Task | Checksum: 159d7db37

Time (s): cpu = 00:00:01 ; elapsed = 00:00:00.174 . Memory (MB): peak = 1401.129 ; gain = 0.000
Ending Power Optimization Task | Checksum: 159d7db37

Time (s): cpu = 00:00:08 ; elapsed = 00:00:05 . Memory (MB): peak = 1401.129 ; gain = 175.797

Starting Final Cleanup Task
Ending Final Cleanup Task | Checksum: 159d7db37

Time (s): cpu = 00:00:00 ; elapsed = 00:00:00 . Memory (MB): peak = 1401.129 ; gain = 0.000
INFO: [Common 17-83] Releasing license: Implementation
31 Infos, 96 Warnings, 96 Critical Warnings and 0 Errors encountered.
opt_design completed successfully
opt_design: Time (s): cpu = 00:00:22 ; elapsed = 00:00:21 . Memory (MB): peak = 1401.129 ; gain = 741.316
INFO: [Timing 38-480] Writing timing data to binary archive.
Writing placer database...
Writing XDEF routing.
Writing XDEF routing logical nets.
Writing XDEF routing special nets.
Write XDEF Complete: Time (s): cpu = 00:00:00 ; elapsed = 00:00:00.040 . Memory (MB): peak = 1401.129 ; gain = 0.000
INFO: [Common 17-1381] The checkpoint 'C:/Users/runne/Desktop/Soc_FPGA/Bui_Final_Project/Bui_Final/Bui_Final.runs/impl_1/mcs_top_vanilla_opt.dcp' has been generated.
INFO: [runtcl-4] Executing : report_drc -file mcs_top_vanilla_drc_opted.rpt -pb mcs_top_vanilla_drc_opted.pb -rpx mcs_top_vanilla_drc_opted.rpx
Command: report_drc -file mcs_top_vanilla_drc_opted.rpt -pb mcs_top_vanilla_drc_opted.pb -rpx mcs_top_vanilla_drc_opted.rpx
INFO: [DRC 23-27] Running DRC with 2 threads
INFO: [Coretcl 2-168] The results of DRC are in file C:/Users/runne/Desktop/Soc_FPGA/Bui_Final_Project/Bui_Final/Bui_Final.runs/impl_1/mcs_top_vanilla_drc_opted.rpt.
report_drc completed successfully
Command: place_design
Attempting to get a license for feature 'Implementation' and/or device 'xc7a100t'
INFO: [Common 17-349] Got license for feature 'Implementation' and/or device 'xc7a100t'
INFO: [DRC 23-27] Running DRC with 2 threads
INFO: [Vivado_Tcl 4-198] DRC finished with 0 Errors
INFO: [Vivado_Tcl 4-199] Please refer to the DRC report (report_drc) for more information.
Running DRC as a precondition to command place_design
INFO: [DRC 23-27] Running DRC with 2 threads
INFO: [Vivado_Tcl 4-198] DRC finished with 0 Errors
INFO: [Vivado_Tcl 4-199] Please refer to the DRC report (report_drc) for more information.

Starting Placer Task
INFO: [Place 30-611] Multithreading enabled for place_design using a maximum of 2 CPUs

Phase 1 Placer Initialization

Phase 1.1 Placer Initialization Netlist Sorting
Netlist sorting complete. Time (s): cpu = 00:00:00 ; elapsed = 00:00:00.026 . Memory (MB): peak = 1401.129 ; gain = 0.000
Phase 1.1 Placer Initialization Netlist Sorting | Checksum: f2d4f3ab

Time (s): cpu = 00:00:00 ; elapsed = 00:00:00.030 . Memory (MB): peak = 1401.129 ; gain = 0.000
Netlist sorting complete. Time (s): cpu = 00:00:00 ; elapsed = 00:00:00.021 . Memory (MB): peak = 1401.129 ; gain = 0.000

Phase 1.2 IO Placement/ Clock Placement/ Build Placer Device
INFO: [Timing 38-35] Done setting XDC timing constraints.
Phase 1.2 IO Placement/ Clock Placement/ Build Placer Device | Checksum: becda259

Time (s): cpu = 00:00:02 ; elapsed = 00:00:01 . Memory (MB): peak = 1401.129 ; gain = 0.000

Phase 1.3 Build Placer Netlist Model
Phase 1.3 Build Placer Netlist Model | Checksum: 14c0397aa

Time (s): cpu = 00:00:04 ; elapsed = 00:00:02 . Memory (MB): peak = 1401.129 ; gain = 0.000

Phase 1.4 Constrain Clocks/Macros
Phase 1.4 Constrain Clocks/Macros | Checksum: 14c0397aa

Time (s): cpu = 00:00:04 ; elapsed = 00:00:02 . Memory (MB): peak = 1401.129 ; gain = 0.000
Phase 1 Placer Initialization | Checksum: 14c0397aa

Time (s): cpu = 00:00:04 ; elapsed = 00:00:02 . Memory (MB): peak = 1401.129 ; gain = 0.000

Phase 2 Global Placement

Phase 2.1 Floorplanning
Phase 2.1 Floorplanning | Checksum: 1bca2bd94

Time (s): cpu = 00:00:04 ; elapsed = 00:00:03 . Memory (MB): peak = 1401.129 ; gain = 0.000

Phase 2.2 Physical Synthesis In Placer
INFO: [Physopt 32-65] No nets found for high-fanout optimization.
INFO: [Physopt 32-232] Optimized 0 net. Created 0 new instance.
INFO: [Physopt 32-775] End 1 Pass. Optimized 0 net or cell. Created 0 new cell, deleted 0 existing cell and moved 0 existing cell
Netlist sorting complete. Time (s): cpu = 00:00:00 ; elapsed = 00:00:00.021 . Memory (MB): peak = 1401.129 ; gain = 0.000

Summary of Physical Synthesis Optimizations
============================================


-----------------------------------------------------------------------------------------------------------------------------
|  Optimization       |  Added Cells  |  Removed Cells  |  Optimized Cells/Nets  |  Dont Touch  |  Iterations  |  Elapsed   |
-----------------------------------------------------------------------------------------------------------------------------
|  Very High Fanout   |            0  |              0  |                     0  |           0  |           1  |  00:00:00  |
|  Total              |            0  |              0  |                     0  |           0  |           1  |  00:00:00  |
-----------------------------------------------------------------------------------------------------------------------------


Phase 2.2 Physical Synthesis In Placer | Checksum: c9e59117

Time (s): cpu = 00:00:14 ; elapsed = 00:00:08 . Memory (MB): peak = 1401.129 ; gain = 0.000
Phase 2 Global Placement | Checksum: 133fefb46

Time (s): cpu = 00:00:14 ; elapsed = 00:00:09 . Memory (MB): peak = 1401.129 ; gain = 0.000

Phase 3 Detail Placement

Phase 3.1 Commit Multi Column Macros
Phase 3.1 Commit Multi Column Macros | Checksum: 133fefb46

Time (s): cpu = 00:00:14 ; elapsed = 00:00:09 . Memory (MB): peak = 1401.129 ; gain = 0.000

Phase 3.2 Commit Most Macros & LUTRAMs
Phase 3.2 Commit Most Macros & LUTRAMs | Checksum: 185f3e53f

Time (s): cpu = 00:00:15 ; elapsed = 00:00:10 . Memory (MB): peak = 1401.129 ; gain = 0.000

Phase 3.3 Area Swap Optimization
Phase 3.3 Area Swap Optimization | Checksum: 1f8dbc0c2

Time (s): cpu = 00:00:15 ; elapsed = 00:00:10 . Memory (MB): peak = 1401.129 ; gain = 0.000

Phase 3.4 Pipeline Register Optimization
Phase 3.4 Pipeline Register Optimization | Checksum: 1f8dbc0c2

Time (s): cpu = 00:00:15 ; elapsed = 00:00:10 . Memory (MB): peak = 1401.129 ; gain = 0.000

Phase 3.5 Small Shape Detail Placement
Phase 3.5 Small Shape Detail Placement | Checksum: 10c844ef8

Time (s): cpu = 00:00:16 ; elapsed = 00:00:10 . Memory (MB): peak = 1401.129 ; gain = 0.000

Phase 3.6 Re-assign LUT pins
Phase 3.6 Re-assign LUT pins | Checksum: 1786770b4

Time (s): cpu = 00:00:16 ; elapsed = 00:00:10 . Memory (MB): peak = 1401.129 ; gain = 0.000

Phase 3.7 Pipeline Register Optimization
Phase 3.7 Pipeline Register Optimization | Checksum: 1786770b4

Time (s): cpu = 00:00:16 ; elapsed = 00:00:10 . Memory (MB): peak = 1401.129 ; gain = 0.000
Phase 3 Detail Placement | Checksum: 1786770b4

Time (s): cpu = 00:00:16 ; elapsed = 00:00:10 . Memory (MB): peak = 1401.129 ; gain = 0.000

Phase 4 Post Placement Optimization and Clean-Up

Phase 4.1 Post Commit Optimization
INFO: [Timing 38-35] Done setting XDC timing constraints.

Phase 4.1.1 Post Placement Optimization
Post Placement Optimization Initialization | Checksum: 1a69adf6e

Phase 4.1.1.1 BUFG Insertion
INFO: [Place 46-31] BUFG insertion identified 0 candidate nets, 0 success, 0 skipped for placement/routing, 0 skipped for timing, 0 skipped for netlist change reason.
Phase 4.1.1.1 BUFG Insertion | Checksum: 1a69adf6e

Time (s): cpu = 00:00:17 ; elapsed = 00:00:11 . Memory (MB): peak = 1401.129 ; gain = 0.000
INFO: [Place 30-746] Post Placement Timing Summary WNS=1.638. For the most accurate timing information please run report_timing.
Phase 4.1.1 Post Placement Optimization | Checksum: 12e070e65

Time (s): cpu = 00:00:17 ; elapsed = 00:00:11 . Memory (MB): peak = 1401.129 ; gain = 0.000
Phase 4.1 Post Commit Optimization | Checksum: 12e070e65

Time (s): cpu = 00:00:17 ; elapsed = 00:00:11 . Memory (MB): peak = 1401.129 ; gain = 0.000

Phase 4.2 Post Placement Cleanup
Phase 4.2 Post Placement Cleanup | Checksum: 12e070e65

Time (s): cpu = 00:00:17 ; elapsed = 00:00:11 . Memory (MB): peak = 1401.129 ; gain = 0.000

Phase 4.3 Placer Reporting
Phase 4.3 Placer Reporting | Checksum: 12e070e65

Time (s): cpu = 00:00:17 ; elapsed = 00:00:11 . Memory (MB): peak = 1401.129 ; gain = 0.000

Phase 4.4 Final Placement Cleanup
Phase 4.4 Final Placement Cleanup | Checksum: 16fa632f2

Time (s): cpu = 00:00:17 ; elapsed = 00:00:11 . Memory (MB): peak = 1401.129 ; gain = 0.000
Phase 4 Post Placement Optimization and Clean-Up | Checksum: 16fa632f2

Time (s): cpu = 00:00:17 ; elapsed = 00:00:11 . Memory (MB): peak = 1401.129 ; gain = 0.000
Ending Placer Task | Checksum: 163e3e027

Time (s): cpu = 00:00:17 ; elapsed = 00:00:11 . Memory (MB): peak = 1401.129 ; gain = 0.000
INFO: [Common 17-83] Releasing license: Implementation
52 Infos, 96 Warnings, 96 Critical Warnings and 0 Errors encountered.
place_design completed successfully
place_design: Time (s): cpu = 00:00:19 ; elapsed = 00:00:12 . Memory (MB): peak = 1401.129 ; gain = 0.000
INFO: [Timing 38-480] Writing timing data to binary archive.
Writing placer database...
Writing XDEF routing.
Writing XDEF routing logical nets.
Writing XDEF routing special nets.
Write XDEF Complete: Time (s): cpu = 00:00:01 ; elapsed = 00:00:00.225 . Memory (MB): peak = 1401.129 ; gain = 0.000
INFO: [Common 17-1381] The checkpoint 'C:/Users/runne/Desktop/Soc_FPGA/Bui_Final_Project/Bui_Final/Bui_Final.runs/impl_1/mcs_top_vanilla_placed.dcp' has been generated.
INFO: [runtcl-4] Executing : report_io -file mcs_top_vanilla_io_placed.rpt
report_io: Time (s): cpu = 00:00:00 ; elapsed = 00:00:00.054 . Memory (MB): peak = 1401.129 ; gain = 0.000
INFO: [runtcl-4] Executing : report_utilization -file mcs_top_vanilla_utilization_placed.rpt -pb mcs_top_vanilla_utilization_placed.pb
report_utilization: Time (s): cpu = 00:00:00 ; elapsed = 00:00:00.065 . Memory (MB): peak = 1401.129 ; gain = 0.000
INFO: [runtcl-4] Executing : report_control_sets -verbose -file mcs_top_vanilla_control_sets_placed.rpt
report_control_sets: Time (s): cpu = 00:00:00 ; elapsed = 00:00:00.020 . Memory (MB): peak = 1401.129 ; gain = 0.000
Command: route_design
Attempting to get a license for feature 'Implementation' and/or device 'xc7a100t'
INFO: [Common 17-349] Got license for feature 'Implementation' and/or device 'xc7a100t'
Running DRC as a precondition to command route_design
INFO: [DRC 23-27] Running DRC with 2 threads
INFO: [Vivado_Tcl 4-198] DRC finished with 0 Errors
INFO: [Vivado_Tcl 4-199] Please refer to the DRC report (report_drc) for more information.


Starting Routing Task
INFO: [Route 35-254] Multithreading enabled for route_design using a maximum of 2 CPUs
Checksum: PlaceDB: 72d32008 ConstDB: 0 ShapeSum: f110c01f RouteDB: 0

Phase 1 Build RT Design
Phase 1 Build RT Design | Checksum: 54134bf9

Time (s): cpu = 00:00:33 ; elapsed = 00:00:30 . Memory (MB): peak = 1401.129 ; gain = 0.000
Post Restoration Checksum: NetGraph: ba99c2e NumContArr: 4869afcb Constraints: 0 Timing: 0

Phase 2 Router Initialization

Phase 2.1 Create Timer
Phase 2.1 Create Timer | Checksum: 54134bf9

Time (s): cpu = 00:00:33 ; elapsed = 00:00:30 . Memory (MB): peak = 1401.129 ; gain = 0.000

Phase 2.2 Fix Topology Constraints
Phase 2.2 Fix Topology Constraints | Checksum: 54134bf9

Time (s): cpu = 00:00:34 ; elapsed = 00:00:30 . Memory (MB): peak = 1401.129 ; gain = 0.000

Phase 2.3 Pre Route Cleanup
Phase 2.3 Pre Route Cleanup | Checksum: 54134bf9

Time (s): cpu = 00:00:34 ; elapsed = 00:00:30 . Memory (MB): peak = 1401.129 ; gain = 0.000
 Number of Nodes with overlaps = 0

Phase 2.4 Update Timing
Phase 2.4 Update Timing | Checksum: 1ca68c6a7

Time (s): cpu = 00:00:35 ; elapsed = 00:00:31 . Memory (MB): peak = 1410.445 ; gain = 9.316
INFO: [Route 35-416] Intermediate Timing Summary | WNS=1.658  | TNS=0.000  | WHS=-0.186 | THS=-57.961|

Phase 2 Router Initialization | Checksum: 1cf236c34

Time (s): cpu = 00:00:36 ; elapsed = 00:00:31 . Memory (MB): peak = 1410.445 ; gain = 9.316

Phase 3 Initial Routing
Phase 3 Initial Routing | Checksum: 20ed390cd

Time (s): cpu = 00:00:39 ; elapsed = 00:00:33 . Memory (MB): peak = 1435.828 ; gain = 34.699

Phase 4 Rip-up And Reroute

Phase 4.1 Global Iteration 0
 Number of Nodes with overlaps = 153
 Number of Nodes with overlaps = 18
 Number of Nodes with overlaps = 4
 Number of Nodes with overlaps = 2
 Number of Nodes with overlaps = 2
 Number of Nodes with overlaps = 2
 Number of Nodes with overlaps = 0
INFO: [Route 35-416] Intermediate Timing Summary | WNS=2.026  | TNS=0.000  | WHS=N/A    | THS=N/A    |

Phase 4.1 Global Iteration 0 | Checksum: 168bed90f

Time (s): cpu = 00:00:42 ; elapsed = 00:00:35 . Memory (MB): peak = 1435.828 ; gain = 34.699
Phase 4 Rip-up And Reroute | Checksum: 168bed90f

Time (s): cpu = 00:00:42 ; elapsed = 00:00:35 . Memory (MB): peak = 1435.828 ; gain = 34.699

Phase 5 Delay and Skew Optimization

Phase 5.1 Delay CleanUp

Phase 5.1.1 Update Timing
Phase 5.1.1 Update Timing | Checksum: d124be98

Time (s): cpu = 00:00:42 ; elapsed = 00:00:35 . Memory (MB): peak = 1435.828 ; gain = 34.699
INFO: [Route 35-416] Intermediate Timing Summary | WNS=2.033  | TNS=0.000  | WHS=N/A    | THS=N/A    |

Phase 5.1 Delay CleanUp | Checksum: d124be98

Time (s): cpu = 00:00:42 ; elapsed = 00:00:35 . Memory (MB): peak = 1435.828 ; gain = 34.699

Phase 5.2 Clock Skew Optimization
Phase 5.2 Clock Skew Optimization | Checksum: d124be98

Time (s): cpu = 00:00:42 ; elapsed = 00:00:35 . Memory (MB): peak = 1435.828 ; gain = 34.699
Phase 5 Delay and Skew Optimization | Checksum: d124be98

Time (s): cpu = 00:00:42 ; elapsed = 00:00:35 . Memory (MB): peak = 1435.828 ; gain = 34.699

Phase 6 Post Hold Fix

Phase 6.1 Hold Fix Iter

Phase 6.1.1 Update Timing
Phase 6.1.1 Update Timing | Checksum: 172a232ec

Time (s): cpu = 00:00:42 ; elapsed = 00:00:35 . Memory (MB): peak = 1435.828 ; gain = 34.699
INFO: [Route 35-416] Intermediate Timing Summary | WNS=2.033  | TNS=0.000  | WHS=0.037  | THS=0.000  |

Phase 6.1 Hold Fix Iter | Checksum: 1bfcce322

Time (s): cpu = 00:00:42 ; elapsed = 00:00:35 . Memory (MB): peak = 1435.828 ; gain = 34.699
Phase 6 Post Hold Fix | Checksum: 1bfcce322

Time (s): cpu = 00:00:42 ; elapsed = 00:00:35 . Memory (MB): peak = 1435.828 ; gain = 34.699

Phase 7 Route finalize

Router Utilization Summary
  Global Vertical Routing Utilization    = 0.515994 %
  Global Horizontal Routing Utilization  = 0.618002 %
  Routable Net Status*
  *Does not include unroutable nets such as driverless and loadless.
  Run report_route_status for detailed report.
  Number of Failed Nets               = 0
  Number of Unrouted Nets             = 0
  Number of Partially Routed Nets     = 0
  Number of Node Overlaps             = 0

Phase 7 Route finalize | Checksum: 126bb0a6e

Time (s): cpu = 00:00:42 ; elapsed = 00:00:35 . Memory (MB): peak = 1435.828 ; gain = 34.699

Phase 8 Verifying routed nets

 Verification completed successfully
Phase 8 Verifying routed nets | Checksum: 126bb0a6e

Time (s): cpu = 00:00:42 ; elapsed = 00:00:35 . Memory (MB): peak = 1435.828 ; gain = 34.699

Phase 9 Depositing Routes
Phase 9 Depositing Routes | Checksum: 176f20cc0

Time (s): cpu = 00:00:43 ; elapsed = 00:00:35 . Memory (MB): peak = 1435.828 ; gain = 34.699

Phase 10 Post Router Timing
INFO: [Route 35-57] Estimated Timing Summary | WNS=2.033  | TNS=0.000  | WHS=0.037  | THS=0.000  |

INFO: [Route 35-327] The final timing numbers are based on the router estimated timing analysis. For a complete and accurate timing signoff, please run report_timing_summary.
Phase 10 Post Router Timing | Checksum: 176f20cc0

Time (s): cpu = 00:00:43 ; elapsed = 00:00:35 . Memory (MB): peak = 1435.828 ; gain = 34.699
INFO: [Route 35-16] Router Completed Successfully

Time (s): cpu = 00:00:43 ; elapsed = 00:00:35 . Memory (MB): peak = 1435.828 ; gain = 34.699

Routing Is Done.
INFO: [Common 17-83] Releasing license: Implementation
70 Infos, 96 Warnings, 96 Critical Warnings and 0 Errors encountered.
route_design completed successfully
route_design: Time (s): cpu = 00:00:45 ; elapsed = 00:00:36 . Memory (MB): peak = 1435.828 ; gain = 34.699
INFO: [Timing 38-480] Writing timing data to binary archive.
Writing placer database...
Writing XDEF routing.
Writing XDEF routing logical nets.
Writing XDEF routing special nets.
Write XDEF Complete: Time (s): cpu = 00:00:01 ; elapsed = 00:00:00.277 . Memory (MB): peak = 1435.828 ; gain = 0.000
INFO: [Common 17-1381] The checkpoint 'C:/Users/runne/Desktop/Soc_FPGA/Bui_Final_Project/Bui_Final/Bui_Final.runs/impl_1/mcs_top_vanilla_routed.dcp' has been generated.
INFO: [runtcl-4] Executing : report_drc -file mcs_top_vanilla_drc_routed.rpt -pb mcs_top_vanilla_drc_routed.pb -rpx mcs_top_vanilla_drc_routed.rpx
Command: report_drc -file mcs_top_vanilla_drc_routed.rpt -pb mcs_top_vanilla_drc_routed.pb -rpx mcs_top_vanilla_drc_routed.rpx
INFO: [DRC 23-27] Running DRC with 2 threads
INFO: [Coretcl 2-168] The results of DRC are in file C:/Users/runne/Desktop/Soc_FPGA/Bui_Final_Project/Bui_Final/Bui_Final.runs/impl_1/mcs_top_vanilla_drc_routed.rpt.
report_drc completed successfully
INFO: [runtcl-4] Executing : report_methodology -file mcs_top_vanilla_methodology_drc_routed.rpt -pb mcs_top_vanilla_methodology_drc_routed.pb -rpx mcs_top_vanilla_methodology_drc_routed.rpx
Command: report_methodology -file mcs_top_vanilla_methodology_drc_routed.rpt -pb mcs_top_vanilla_methodology_drc_routed.pb -rpx mcs_top_vanilla_methodology_drc_routed.rpx
INFO: [Timing 38-35] Done setting XDC timing constraints.
INFO: [Timing 38-35] Done setting XDC timing constraints.
INFO: [DRC 23-133] Running Methodology with 2 threads
INFO: [Coretcl 2-1520] The results of Report Methodology are in file C:/Users/runne/Desktop/Soc_FPGA/Bui_Final_Project/Bui_Final/Bui_Final.runs/impl_1/mcs_top_vanilla_methodology_drc_routed.rpt.
report_methodology completed successfully
INFO: [runtcl-4] Executing : report_power -file mcs_top_vanilla_power_routed.rpt -pb mcs_top_vanilla_power_summary_routed.pb -rpx mcs_top_vanilla_power_routed.rpx
Command: report_power -file mcs_top_vanilla_power_routed.rpt -pb mcs_top_vanilla_power_summary_routed.pb -rpx mcs_top_vanilla_power_routed.rpx
INFO: [Timing 38-35] Done setting XDC timing constraints.
Running Vector-less Activity Propagation...

Finished Running Vector-less Activity Propagation
82 Infos, 96 Warnings, 96 Critical Warnings and 0 Errors encountered.
report_power completed successfully
INFO: [runtcl-4] Executing : report_route_status -file mcs_top_vanilla_route_status.rpt -pb mcs_top_vanilla_route_status.pb
INFO: [runtcl-4] Executing : report_timing_summary -max_paths 10 -file mcs_top_vanilla_timing_summary_routed.rpt -pb mcs_top_vanilla_timing_summary_routed.pb -rpx mcs_top_vanilla_timing_summary_routed.rpx -warn_on_violation 
INFO: [Timing 38-91] UpdateTimingParams: Speed grade: -1, Delay Type: min_max, Timing Stage: Requireds.
INFO: [Timing 38-191] Multithreading enabled for timing update using a maximum of 2 CPUs
INFO: [runtcl-4] Executing : report_incremental_reuse -file mcs_top_vanilla_incremental_reuse_routed.rpt
INFO: [Vivado_Tcl 4-545] No incremental reuse to report, no incremental placement and routing data was found.
INFO: [runtcl-4] Executing : report_clock_utilization -file mcs_top_vanilla_clock_utilization_routed.rpt
INFO: [runtcl-4] Executing : report_bus_skew -warn_on_violation -file mcs_top_vanilla_bus_skew_routed.rpt -pb mcs_top_vanilla_bus_skew_routed.pb -rpx mcs_top_vanilla_bus_skew_routed.rpx
INFO: [Timing 38-91] UpdateTimingParams: Speed grade: -1, Delay Type: min_max, Timing Stage: Requireds.
INFO: [Timing 38-191] Multithreading enabled for timing update using a maximum of 2 CPUs
INFO: [Common 17-206] Exiting Vivado at Mon Nov 26 19:22:26 2018...

*** Running vivado
    with args -log mcs_top_vanilla.vdi -applog -m64 -product Vivado -messageDb vivado.pb -mode batch -source mcs_top_vanilla.tcl -notrace


****** Vivado v2018.2.2 (64-bit)
  **** SW Build 2348494 on Mon Oct  1 18:25:44 MDT 2018
  **** IP Build 2318053 on Mon Oct  1 21:44:26 MDT 2018
    ** Copyright 1986-2018 Xilinx, Inc. All Rights Reserved.

source mcs_top_vanilla.tcl -notrace
Command: open_checkpoint mcs_top_vanilla_routed.dcp

Starting open_checkpoint Task

Time (s): cpu = 00:00:01 ; elapsed = 00:00:00.039 . Memory (MB): peak = 231.348 ; gain = 0.000
INFO: [Netlist 29-17] Analyzing 290 Unisim elements for replacement
INFO: [Netlist 29-28] Unisim Transformation completed in 0 CPU seconds
INFO: [Project 1-479] Netlist was created with Vivado 2018.2.2
INFO: [Device 21-403] Loading part xc7a100tcsg324-1
INFO: [Project 1-570] Preparing netlist for logic optimization
INFO: [Timing 38-478] Restoring timing data from binary archive.
INFO: [Timing 38-479] Binary timing data restore complete.
INFO: [Project 1-856] Restoring constraints from binary archive.
INFO: [Project 1-853] Binary constraint restore complete.
Reading XDEF placement.
Reading placer database...
Reading XDEF routing.
Read XDEF File: Time (s): cpu = 00:00:00 ; elapsed = 00:00:00.306 . Memory (MB): peak = 1128.527 ; gain = 0.000
Restored from archive | CPU: 0.000000 secs | Memory: 0.000000 MB |
Finished XDEF File Restore: Time (s): cpu = 00:00:00 ; elapsed = 00:00:00.306 . Memory (MB): peak = 1128.527 ; gain = 0.000
INFO: [Project 1-111] Unisim Transformation Summary:
  A total of 175 instances were transformed.
  LUT6_2 => LUT6_2 (LUT5, LUT6): 79 instances
  RAM32X1D => RAM32X1D (RAMD32, RAMD32): 64 instances
  RAM64M => RAM64M (RAMD64E, RAMD64E, RAMD64E, RAMD64E): 16 instances
  RAM64X1D => RAM64X1D (RAMD64E, RAMD64E): 16 instances

INFO: [Project 1-604] Checkpoint was created with Vivado v2018.2.2 (64-bit) build 2348494
open_checkpoint: Time (s): cpu = 00:00:19 ; elapsed = 00:00:23 . Memory (MB): peak = 1128.527 ; gain = 906.406
Command: write_bitstream -force mcs_top_vanilla.bit
Attempting to get a license for feature 'Implementation' and/or device 'xc7a100t'
INFO: [Common 17-349] Got license for feature 'Implementation' and/or device 'xc7a100t'
Running DRC as a precondition to command write_bitstream
INFO: [IP_Flow 19-234] Refreshing IP repositories
INFO: [IP_Flow 19-1704] No user IP repositories specified
INFO: [IP_Flow 19-2313] Loaded Vivado IP repository 'D:/Vivado/2018.2/data/ip'.
INFO: [DRC 23-27] Running DRC with 2 threads
WARNING: [DRC CFGBVS-1] Missing CFGBVS and CONFIG_VOLTAGE Design Properties: Neither the CFGBVS nor CONFIG_VOLTAGE voltage property is set in the current_design.  Configuration bank voltage select (CFGBVS) must be set to VCCO or GND, and CONFIG_VOLTAGE must be set to the correct configuration voltage, in order to determine the I/O voltage support for the pins in bank 0.  It is suggested to specify these either using the 'Edit Device Properties' function in the GUI or directly in the XDC file using the following syntax:

 set_property CFGBVS value1 [current_design]
 #where value1 is either VCCO or GND

 set_property CONFIG_VOLTAGE value2 [current_design]
 #where value2 is the voltage provided to configuration bank 0

Refer to the device configuration user guide for more information.
INFO: [Vivado 12-3199] DRC finished with 0 Errors, 1 Warnings
INFO: [Vivado 12-3200] Please refer to the DRC report (report_drc) for more information.
INFO: [Memdata 28-144] Successfully populated the BRAM INIT strings from the following elf files: c:/Users/runne/Desktop/Soc_FPGA/Bui_Final_Project/Bui_Final/Bui_Final.srcs/sources_1/ip/cpu/bd_0/ip/ip_0/data/mb_bootloop_le.elf 
INFO: [Designutils 20-2272] Running write_bitstream with 2 threads.
Loading data files...
Loading site data...
Loading route data...
Processing options...
Creating bitmap...
Creating bitstream...
Bitstream compression saved 23970560 bits.
Writing bitstream ./mcs_top_vanilla.bit...
INFO: [Vivado 12-1842] Bitgen Completed Successfully.
INFO: [Project 1-120] WebTalk data collection is mandatory when using a WebPACK part without a full Vivado license. To see the specific WebTalk data collected for your design, open the usage_statistics_webtalk.html or usage_statistics_webtalk.xml file in the implementation directory.
INFO: [Common 17-186] 'C:/Users/runne/Desktop/Soc_FPGA/Bui_Final_Project/Bui_Final/Bui_Final.runs/impl_1/usage_statistics_webtalk.xml' has been successfully sent to Xilinx on Mon Nov 26 19:24:21 2018. For additional details about this file, please refer to the WebTalk help file at D:/Vivado/2018.2/doc/webtalk_introduction.html.
INFO: [Common 17-83] Releasing license: Implementation
24 Infos, 1 Warnings, 0 Critical Warnings and 0 Errors encountered.
write_bitstream completed successfully
write_bitstream: Time (s): cpu = 00:00:21 ; elapsed = 00:00:20 . Memory (MB): peak = 1620.953 ; gain = 492.426
INFO: [Common 17-206] Exiting Vivado at Mon Nov 26 19:24:21 2018...
