#-----------------------------------------------------------
# Vivado v2018.2.2 (64-bit)
# SW Build 2348494 on Mon Oct  1 18:25:44 MDT 2018
# IP Build 2318053 on Mon Oct  1 21:44:26 MDT 2018
# Start of session at: Fri Dec  7 11:49:40 2018
# Process ID: 14400
# Current directory: C:/Users/runne/Desktop/Soc_FPGA/Final_Bui/Final/hdl/3C_LED
# Command line: vivado.exe -gui_launcher_event rodinguilauncherevent14836 C:\Users\runne\Desktop\Soc_FPGA\Final_Bui\Final\hdl\3C_LED\3C_LED.xpr
# Log file: C:/Users/runne/Desktop/Soc_FPGA/Final_Bui/Final/hdl/3C_LED/vivado.log
# Journal file: C:/Users/runne/Desktop/Soc_FPGA/Final_Bui/Final/hdl/3C_LED\vivado.jou
#-----------------------------------------------------------
start_gui
open_project C:/Users/runne/Desktop/Soc_FPGA/Final_Bui/Final/hdl/3C_LED/3C_LED.xpr
INFO: [Project 1-313] Project file moved from 'C:/Users/jbu021/Soc_FPGA/3C_LED' since last save.
Scanning sources...
Finished scanning sources
INFO: [IP_Flow 19-234] Refreshing IP repositories
INFO: [IP_Flow 19-1704] No user IP repositories specified
INFO: [IP_Flow 19-2313] Loaded Vivado IP repository 'D:/Vivado/2018.2/data/ip'.
open_project: Time (s): cpu = 00:00:10 ; elapsed = 00:00:11 . Memory (MB): peak = 739.742 ; gain = 70.520
update_compile_order -fileset sources_1
reset_run synth_1
launch_runs impl_1 -jobs 4
[Fri Dec  7 11:52:39 2018] Launched synth_1...
Run output will be captured here: C:/Users/runne/Desktop/Soc_FPGA/Final_Bui/Final/hdl/3C_LED/3C_LED.runs/synth_1/runme.log
[Fri Dec  7 11:52:39 2018] Launched impl_1...
Run output will be captured here: C:/Users/runne/Desktop/Soc_FPGA/Final_Bui/Final/hdl/3C_LED/3C_LED.runs/impl_1/runme.log
launch_runs impl_1 -to_step write_bitstream -jobs 4
[Fri Dec  7 11:56:14 2018] Launched impl_1...
Run output will be captured here: C:/Users/runne/Desktop/Soc_FPGA/Final_Bui/Final/hdl/3C_LED/3C_LED.runs/impl_1/runme.log
open_hw
connect_hw_server
INFO: [Labtools 27-2285] Connecting to hw_server url TCP:localhost:3121
INFO: [Labtools 27-2222] Launching hw_server...
INFO: [Labtools 27-2221] Launch Output:

****** Xilinx hw_server v2018.2.2
  **** Build date : Oct  1 2018-20:15:45
    ** Copyright 1986-2018 Xilinx, Inc. All Rights Reserved.


connect_hw_server: Time (s): cpu = 00:00:03 ; elapsed = 00:00:06 . Memory (MB): peak = 784.316 ; gain = 5.289
open_hw_target
INFO: [Labtoolstcl 44-466] Opening hw_target localhost:3121/xilinx_tcf/Digilent/210292A8B69FA
set_property PROGRAM.FILE {C:/Users/runne/Desktop/Soc_FPGA/Final_Bui/Final/hdl/3C_LED/3C_LED.runs/impl_1/MLED_test.bit} [get_hw_devices xc7a100t_0]
current_hw_device [get_hw_devices xc7a100t_0]
refresh_hw_device -update_hw_probes false [lindex [get_hw_devices xc7a100t_0] 0]
INFO: [Labtools 27-1434] Device xc7a100t (JTAG device index = 0) is programmed with a design that has no supported debug core(s) in it.
WARNING: [Labtools 27-3361] The debug hub core was not detected.
Resolution: 
1. Make sure the clock connected to the debug hub (dbg_hub) core is a free running clock and is active.
2. Make sure the BSCAN_SWITCH_USER_MASK device property in Vivado Hardware Manager reflects the user scan chain setting in the design and refresh the device.  To determine the user scan chain setting in the design, open the implemented design and use 'get_property C_USER_SCAN_CHAIN [get_debug_cores dbg_hub]'.
For more details on setting the scan chain property, consult the Vivado Debug and Programming User Guide (UG908).
set_property PROBES.FILE {} [get_hw_devices xc7a100t_0]
set_property FULL_PROBES.FILE {} [get_hw_devices xc7a100t_0]
set_property PROGRAM.FILE {C:/Users/runne/Desktop/Soc_FPGA/Final_Bui/Final/hdl/3C_LED/3C_LED.runs/impl_1/MLED_test.bit} [get_hw_devices xc7a100t_0]
program_hw_devices [get_hw_devices xc7a100t_0]
INFO: [Labtools 27-3164] End of startup status: HIGH
refresh_hw_device [lindex [get_hw_devices xc7a100t_0] 0]
INFO: [Labtools 27-1434] Device xc7a100t (JTAG device index = 0) is programmed with a design that has no supported debug core(s) in it.
WARNING: [Labtools 27-3361] The debug hub core was not detected.
Resolution: 
1. Make sure the clock connected to the debug hub (dbg_hub) core is a free running clock and is active.
2. Make sure the BSCAN_SWITCH_USER_MASK device property in Vivado Hardware Manager reflects the user scan chain setting in the design and refresh the device.  To determine the user scan chain setting in the design, open the implemented design and use 'get_property C_USER_SCAN_CHAIN [get_debug_cores dbg_hub]'.
For more details on setting the scan chain property, consult the Vivado Debug and Programming User Guide (UG908).
ERROR: [Labtoolstcl 44-513] HW Target shutdown. Closing target: localhost:3121/xilinx_tcf/Digilent/210292A8B69FA
exit
INFO: [Common 17-206] Exiting Vivado at Fri Dec  7 12:23:51 2018...
